2018-05-14 19:20:19.974  INFO 8236 --- [restartedMain] com.ip.requestmanager.RequestmanagerApp  : The following profiles are active: swagger,dev
2018-05-14 19:20:26.984 DEBUG 8236 --- [restartedMain] c.i.r.config.AsyncConfiguration          : Creating Async Task Executor
2018-05-14 19:20:28.943 DEBUG 8236 --- [restartedMain] c.i.r.config.MetricsConfiguration        : Registering JVM gauges
2018-05-14 19:20:29.331 DEBUG 8236 --- [restartedMain] c.i.r.config.MetricsConfiguration        : Monitoring the datasource
2018-05-14 19:20:29.339 DEBUG 8236 --- [restartedMain] c.i.r.config.MetricsConfiguration        : Initializing Metrics JMX reporting
2018-05-14 19:20:34.269  INFO 8236 --- [restartedMain] c.i.requestmanager.config.WebConfigurer  : Web application configuration, using profiles: swagger
2018-05-14 19:20:34.274 DEBUG 8236 --- [restartedMain] c.i.requestmanager.config.WebConfigurer  : Initializing Metrics registries
2018-05-14 19:20:34.284 DEBUG 8236 --- [restartedMain] c.i.requestmanager.config.WebConfigurer  : Registering Metrics Filter
2018-05-14 19:20:34.286 DEBUG 8236 --- [restartedMain] c.i.requestmanager.config.WebConfigurer  : Registering Metrics Servlet
2018-05-14 19:20:34.448 DEBUG 8236 --- [restartedMain] c.i.requestmanager.config.WebConfigurer  : Initialize H2 console
2018-05-14 19:20:34.452  INFO 8236 --- [restartedMain] c.i.requestmanager.config.WebConfigurer  : Web application fully configured
2018-05-14 19:20:42.078 DEBUG 8236 --- [restartedMain] c.i.r.config.DatabaseConfiguration       : Configuring Liquibase
2018-05-14 19:20:42.404  WARN 8236 --- [requestmanager-Executor-1] i.g.j.c.liquibase.AsyncSpringLiquibase   : Starting Liquibase asynchronously, your database might not be ready at startup!
2018-05-14 19:21:06.271 DEBUG 8236 --- [requestmanager-Executor-1] i.g.j.c.liquibase.AsyncSpringLiquibase   : Liquibase has updated your database in 23857 ms
2018-05-14 19:21:06.291  WARN 8236 --- [requestmanager-Executor-1] i.g.j.c.liquibase.AsyncSpringLiquibase   : Warning, Liquibase took more than 5 seconds to start up!
2018-05-14 19:21:24.865  WARN 8236 --- [restartedMain] c.n.c.sources.URLConfigurationSource     : No URLs will be polled as dynamic configuration sources.
2018-05-14 19:21:24.878  WARN 8236 --- [restartedMain] c.n.c.sources.URLConfigurationSource     : No URLs will be polled as dynamic configuration sources.
2018-05-14 19:21:26.211 DEBUG 8236 --- [restartedMain] i.g.j.c.apidoc.SwaggerConfiguration      : Starting Swagger
2018-05-14 19:21:26.238 DEBUG 8236 --- [restartedMain] i.g.j.c.apidoc.SwaggerConfiguration      : Started Swagger in 23 ms
2018-05-14 19:21:33.954  INFO 8236 --- [restartedMain] com.netflix.discovery.DiscoveryClient    : Initializing Eureka in region us-east-1
2018-05-14 19:21:36.084  INFO 8236 --- [restartedMain] c.n.d.provider.DiscoveryJerseyProvider   : Using JSON encoding codec LegacyJacksonJson
2018-05-14 19:21:36.086  INFO 8236 --- [restartedMain] c.n.d.provider.DiscoveryJerseyProvider   : Using JSON decoding codec LegacyJacksonJson
2018-05-14 19:21:36.681  INFO 8236 --- [restartedMain] c.n.d.provider.DiscoveryJerseyProvider   : Using XML encoding codec XStreamXml
2018-05-14 19:21:36.682  INFO 8236 --- [restartedMain] c.n.d.provider.DiscoveryJerseyProvider   : Using XML decoding codec XStreamXml
2018-05-14 19:21:37.285  INFO 8236 --- [restartedMain] c.n.d.s.r.aws.ConfigClusterResolver      : Resolving eureka endpoints via configuration
2018-05-14 19:21:37.478  INFO 8236 --- [restartedMain] com.netflix.discovery.DiscoveryClient    : Disable delta property : false
2018-05-14 19:21:37.481  INFO 8236 --- [restartedMain] com.netflix.discovery.DiscoveryClient    : Single vip registry refresh property : null
2018-05-14 19:21:37.482  INFO 8236 --- [restartedMain] com.netflix.discovery.DiscoveryClient    : Force full registry fetch : false
2018-05-14 19:21:37.483  INFO 8236 --- [restartedMain] com.netflix.discovery.DiscoveryClient    : Application is null : false
2018-05-14 19:21:37.484  INFO 8236 --- [restartedMain] com.netflix.discovery.DiscoveryClient    : Registered Applications size is zero : true
2018-05-14 19:21:37.485  INFO 8236 --- [restartedMain] com.netflix.discovery.DiscoveryClient    : Application version is -1: true
2018-05-14 19:21:37.487  INFO 8236 --- [restartedMain] com.netflix.discovery.DiscoveryClient    : Getting all instance registry info from the eureka server
2018-05-14 19:21:41.120  INFO 8236 --- [restartedMain] com.netflix.discovery.DiscoveryClient    : The response status is 200
2018-05-14 19:21:41.124  INFO 8236 --- [restartedMain] com.netflix.discovery.DiscoveryClient    : Starting heartbeat executor: renew interval is: 5
2018-05-14 19:21:41.137  INFO 8236 --- [restartedMain] c.n.discovery.InstanceInfoReplicator     : InstanceInfoReplicator onDemand update allowed rate per min is 12
2018-05-14 19:21:41.155  INFO 8236 --- [restartedMain] com.netflix.discovery.DiscoveryClient    : Discovery Client initialized at timestamp 1526314901144 with initial instances count: 0
2018-05-14 19:21:41.370  INFO 8236 --- [restartedMain] com.netflix.discovery.DiscoveryClient    : Saw local status change event StatusChangeEvent [timestamp=1526314901370, current=UP, previous=STARTING]
2018-05-14 19:21:41.408  INFO 8236 --- [DiscoveryClient-InstanceInfoReplicator-0] com.netflix.discovery.DiscoveryClient    : DiscoveryClient_REQUESTMANAGER/requestmanager:5db5b41e55cf47b2e29a846f685dd24c: registering service...
2018-05-14 19:21:42.693  INFO 8236 --- [DiscoveryClient-InstanceInfoReplicator-0] com.netflix.discovery.DiscoveryClient    : DiscoveryClient_REQUESTMANAGER/requestmanager:5db5b41e55cf47b2e29a846f685dd24c - registration status: 204
2018-05-14 19:21:44.919  INFO 8236 --- [restartedMain] com.ip.requestmanager.RequestmanagerApp  : Started RequestmanagerApp in 98.236 seconds (JVM running for 100.509)
2018-05-14 19:21:45.006  INFO 8236 --- [restartedMain] com.ip.requestmanager.RequestmanagerApp  : 
----------------------------------------------------------
	Application 'requestmanager' is running! Access URLs:
	Local: 		http://localhost:8082
	External: 	http://192.168.0.100:8082
	Profile(s): 	[swagger, dev]
----------------------------------------------------------
2018-05-14 19:21:45.160  INFO 8236 --- [restartedMain] com.ip.requestmanager.RequestmanagerApp  : 
----------------------------------------------------------
	Config Server: 	Connected to the JHipster Registry config server!
----------------------------------------------------------
2018-05-14 19:21:51.126  INFO 8236 --- [DiscoveryClient-CacheRefreshExecutor-0] com.netflix.discovery.DiscoveryClient    : Disable delta property : false
2018-05-14 19:21:51.128  INFO 8236 --- [DiscoveryClient-CacheRefreshExecutor-0] com.netflix.discovery.DiscoveryClient    : Single vip registry refresh property : null
2018-05-14 19:21:51.130  INFO 8236 --- [DiscoveryClient-CacheRefreshExecutor-0] com.netflix.discovery.DiscoveryClient    : Force full registry fetch : false
2018-05-14 19:21:51.131  INFO 8236 --- [DiscoveryClient-CacheRefreshExecutor-0] com.netflix.discovery.DiscoveryClient    : Application is null : false
2018-05-14 19:21:51.133  INFO 8236 --- [DiscoveryClient-CacheRefreshExecutor-0] com.netflix.discovery.DiscoveryClient    : Registered Applications size is zero : true
2018-05-14 19:21:51.134  INFO 8236 --- [DiscoveryClient-CacheRefreshExecutor-0] com.netflix.discovery.DiscoveryClient    : Application version is -1: false
2018-05-14 19:21:51.136  INFO 8236 --- [DiscoveryClient-CacheRefreshExecutor-0] com.netflix.discovery.DiscoveryClient    : Getting all instance registry info from the eureka server
2018-05-14 19:21:51.150  INFO 8236 --- [DiscoveryClient-CacheRefreshExecutor-0] com.netflix.discovery.DiscoveryClient    : The response status is 200
2018-05-14 19:22:01.154  INFO 8236 --- [DiscoveryClient-CacheRefreshExecutor-0] com.netflix.discovery.DiscoveryClient    : Disable delta property : false
2018-05-14 19:22:01.156  INFO 8236 --- [DiscoveryClient-CacheRefreshExecutor-0] com.netflix.discovery.DiscoveryClient    : Single vip registry refresh property : null
2018-05-14 19:22:01.157  INFO 8236 --- [DiscoveryClient-CacheRefreshExecutor-0] com.netflix.discovery.DiscoveryClient    : Force full registry fetch : false
2018-05-14 19:22:01.158  INFO 8236 --- [DiscoveryClient-CacheRefreshExecutor-0] com.netflix.discovery.DiscoveryClient    : Application is null : false
2018-05-14 19:22:01.159  INFO 8236 --- [DiscoveryClient-CacheRefreshExecutor-0] com.netflix.discovery.DiscoveryClient    : Registered Applications size is zero : true
2018-05-14 19:22:01.160  INFO 8236 --- [DiscoveryClient-CacheRefreshExecutor-0] com.netflix.discovery.DiscoveryClient    : Application version is -1: false
2018-05-14 19:22:01.162  INFO 8236 --- [DiscoveryClient-CacheRefreshExecutor-0] com.netflix.discovery.DiscoveryClient    : Getting all instance registry info from the eureka server
2018-05-14 19:22:01.187  INFO 8236 --- [DiscoveryClient-CacheRefreshExecutor-0] com.netflix.discovery.DiscoveryClient    : The response status is 200
2018-05-14 19:26:43.332  INFO 8236 --- [AsyncResolver-bootstrap-executor-0] c.n.d.s.r.aws.ConfigClusterResolver      : Resolving eureka endpoints via configuration
2018-05-14 19:28:35.933  WARN 8236 --- [HikariPool-1 housekeeper] com.zaxxer.hikari.pool.HikariPool        : HikariPool-1 - Thread starvation or clock leap detected (housekeeper delta=46s681ms12µs961ns).
2018-05-14 19:31:43.881  INFO 8236 --- [AsyncResolver-bootstrap-executor-0] c.n.d.s.r.aws.ConfigClusterResolver      : Resolving eureka endpoints via configuration
2018-05-14 19:32:07.525 ERROR 8236 --- [DiscoveryClient-1] c.netflix.discovery.TimedSupervisorTask  : task supervisor timed out

java.util.concurrent.TimeoutException: null
	at java.util.concurrent.FutureTask.get(FutureTask.java:205)
	at com.netflix.discovery.TimedSupervisorTask.run(TimedSupervisorTask.java:63)
	at java.util.concurrent.Executors$RunnableAdapter.call(Executors.java:511)
	at java.util.concurrent.FutureTask.run(FutureTask.java:266)
	at java.util.concurrent.ScheduledThreadPoolExecutor$ScheduledFutureTask.access$201(ScheduledThreadPoolExecutor.java:180)
	at java.util.concurrent.ScheduledThreadPoolExecutor$ScheduledFutureTask.run(ScheduledThreadPoolExecutor.java:293)
	at java.util.concurrent.ThreadPoolExecutor.runWorker(ThreadPoolExecutor.java:1149)
	at java.util.concurrent.ThreadPoolExecutor$Worker.run(ThreadPoolExecutor.java:624)
	at java.lang.Thread.run(Thread.java:748)

2018-05-14 19:32:07.556 ERROR 8236 --- [DiscoveryClient-HeartbeatExecutor-0] c.n.d.s.t.d.RedirectingEurekaHttpClient  : Request execution error

com.sun.jersey.api.client.ClientHandlerException: java.net.SocketTimeoutException: Read timed out
	at com.sun.jersey.client.apache4.ApacheHttpClient4Handler.handle(ApacheHttpClient4Handler.java:187)
	at com.sun.jersey.api.client.filter.GZIPContentEncodingFilter.handle(GZIPContentEncodingFilter.java:123)
	at com.netflix.discovery.EurekaIdentityHeaderFilter.handle(EurekaIdentityHeaderFilter.java:27)
	at com.sun.jersey.api.client.Client.handle(Client.java:652)
	at com.sun.jersey.api.client.WebResource.handle(WebResource.java:682)
	at com.sun.jersey.api.client.WebResource.access$200(WebResource.java:74)
	at com.sun.jersey.api.client.WebResource$Builder.put(WebResource.java:529)
	at com.netflix.discovery.shared.transport.jersey.AbstractJerseyEurekaHttpClient.sendHeartBeat(AbstractJerseyEurekaHttpClient.java:102)
	at com.netflix.discovery.shared.transport.decorator.EurekaHttpClientDecorator$3.execute(EurekaHttpClientDecorator.java:92)
	at com.netflix.discovery.shared.transport.decorator.MetricsCollectingEurekaHttpClient.execute(MetricsCollectingEurekaHttpClient.java:73)
	at com.netflix.discovery.shared.transport.decorator.EurekaHttpClientDecorator.sendHeartBeat(EurekaHttpClientDecorator.java:89)
	at com.netflix.discovery.shared.transport.decorator.EurekaHttpClientDecorator$3.execute(EurekaHttpClientDecorator.java:92)
	at com.netflix.discovery.shared.transport.decorator.RedirectingEurekaHttpClient.execute(RedirectingEurekaHttpClient.java:89)
	at com.netflix.discovery.shared.transport.decorator.EurekaHttpClientDecorator.sendHeartBeat(EurekaHttpClientDecorator.java:89)
	at com.netflix.discovery.shared.transport.decorator.EurekaHttpClientDecorator$3.execute(EurekaHttpClientDecorator.java:92)
	at com.netflix.discovery.shared.transport.decorator.RetryableEurekaHttpClient.execute(RetryableEurekaHttpClient.java:119)
	at com.netflix.discovery.shared.transport.decorator.EurekaHttpClientDecorator.sendHeartBeat(EurekaHttpClientDecorator.java:89)
	at com.netflix.discovery.shared.transport.decorator.EurekaHttpClientDecorator$3.execute(EurekaHttpClientDecorator.java:92)
	at com.netflix.discovery.shared.transport.decorator.SessionedEurekaHttpClient.execute(SessionedEurekaHttpClient.java:77)
	at com.netflix.discovery.shared.transport.decorator.EurekaHttpClientDecorator.sendHeartBeat(EurekaHttpClientDecorator.java:89)
	at com.netflix.discovery.DiscoveryClient.renew(DiscoveryClient.java:815)
	at com.netflix.discovery.DiscoveryClient$HeartbeatThread.run(DiscoveryClient.java:1379)
	at java.util.concurrent.Executors$RunnableAdapter.call(Executors.java:511)
	at java.util.concurrent.FutureTask.run(FutureTask.java:266)
	at java.util.concurrent.ThreadPoolExecutor.runWorker(ThreadPoolExecutor.java:1149)
	at java.util.concurrent.ThreadPoolExecutor$Worker.run(ThreadPoolExecutor.java:624)
	at java.lang.Thread.run(Thread.java:748)
Caused by: java.net.SocketTimeoutException: Read timed out
	at java.net.SocketInputStream.socketRead0(Native Method)
	at java.net.SocketInputStream.socketRead(SocketInputStream.java:116)
	at java.net.SocketInputStream.read(SocketInputStream.java:171)
	at java.net.SocketInputStream.read(SocketInputStream.java:141)
	at org.apache.http.impl.io.AbstractSessionInputBuffer.fillBuffer(AbstractSessionInputBuffer.java:161)
	at org.apache.http.impl.io.SocketInputBuffer.fillBuffer(SocketInputBuffer.java:82)
	at org.apache.http.impl.io.AbstractSessionInputBuffer.readLine(AbstractSessionInputBuffer.java:278)
	at org.apache.http.impl.conn.DefaultHttpResponseParser.parseHead(DefaultHttpResponseParser.java:138)
	at org.apache.http.impl.conn.DefaultHttpResponseParser.parseHead(DefaultHttpResponseParser.java:56)
	at org.apache.http.impl.io.AbstractMessageParser.parse(AbstractMessageParser.java:259)
	at org.apache.http.impl.AbstractHttpClientConnection.receiveResponseHeader(AbstractHttpClientConnection.java:286)
	at org.apache.http.impl.conn.DefaultClientConnection.receiveResponseHeader(DefaultClientConnection.java:257)
	at org.apache.http.impl.conn.AbstractClientConnAdapter.receiveResponseHeader(AbstractClientConnAdapter.java:230)
	at org.apache.http.protocol.HttpRequestExecutor.doReceiveResponse(HttpRequestExecutor.java:273)
	at org.apache.http.protocol.HttpRequestExecutor.execute(HttpRequestExecutor.java:125)
	at org.apache.http.impl.client.DefaultRequestDirector.tryExecute(DefaultRequestDirector.java:684)
	at org.apache.http.impl.client.DefaultRequestDirector.execute(DefaultRequestDirector.java:486)
	at org.apache.http.impl.client.AbstractHttpClient.doExecute(AbstractHttpClient.java:835)
	at org.apache.http.impl.client.CloseableHttpClient.execute(CloseableHttpClient.java:118)
	at org.apache.http.impl.client.CloseableHttpClient.execute(CloseableHttpClient.java:56)
	at com.sun.jersey.client.apache4.ApacheHttpClient4Handler.handle(ApacheHttpClient4Handler.java:173)
	... 26 common frames omitted

2018-05-14 19:32:08.340  WARN 8236 --- [DiscoveryClient-HeartbeatExecutor-0] c.n.d.s.t.d.RetryableEurekaHttpClient    : Request execution failed with message: java.net.SocketTimeoutException: Read timed out
2018-05-14 19:32:08.671  INFO 8236 --- [DiscoveryClient-HeartbeatExecutor-0] c.n.d.s.t.d.RetryableEurekaHttpClient    : Request execution succeeded on retry #1
2018-05-14 19:36:42.203 DEBUG 8236 --- [XNIO-2 task-1] c.i.r.aop.logging.LoggingAspect          : Enter: com.ip.requestmanager.web.rest.RequestResource.getAllRequests() with argument[s] = [Page request [number: 0, size 20, sort: id: ASC]]
2018-05-14 19:36:43.999  INFO 8236 --- [AsyncResolver-bootstrap-executor-0] c.n.d.s.r.aws.ConfigClusterResolver      : Resolving eureka endpoints via configuration
2018-05-14 19:36:45.561 DEBUG 8236 --- [XNIO-2 task-1] c.i.r.web.rest.RequestResource           : REST request to get a page of Requests
2018-05-14 19:37:01.490 DEBUG 8236 --- [XNIO-2 task-1] c.i.r.aop.logging.LoggingAspect          : Enter: com.ip.requestmanager.service.impl.RequestServiceImpl.findAll() with argument[s] = [Page request [number: 0, size 20, sort: id: ASC]]
2018-05-14 19:37:09.169 DEBUG 8236 --- [XNIO-2 task-1] c.i.r.service.impl.RequestServiceImpl    : Request to get all Requests
2018-05-14 19:38:09.563 DEBUG 8236 --- [XNIO-2 task-1] c.i.r.aop.logging.LoggingAspect          : Exit: com.ip.requestmanager.service.impl.RequestServiceImpl.findAll() with result = Page 1 of 0 containing UNKNOWN instances
2018-05-14 19:38:10.269 DEBUG 8236 --- [XNIO-2 task-1] c.i.r.aop.logging.LoggingAspect          : Exit: com.ip.requestmanager.web.rest.RequestResource.getAllRequests() with result = <200 OK,[],{X-Total-Count=[0], Link=[</api/requests?page=0&size=20>; rel="last",</api/requests?page=0&size=20>; rel="first"]}>
2018-05-14 19:38:12.868 ERROR 8236 --- [XNIO-2 task-1] o.z.p.spring.web.advice.AdviceTrait      : Internal Server Error

java.io.IOException: An established connection was aborted by the software in your host machine
	at sun.nio.ch.SocketDispatcher.writev0(Native Method)
	at sun.nio.ch.SocketDispatcher.writev(SocketDispatcher.java:55)
	at sun.nio.ch.IOUtil.write(IOUtil.java:148)
	at sun.nio.ch.SocketChannelImpl.write(SocketChannelImpl.java:504)
	at org.xnio.nio.NioSocketConduit.write(NioSocketConduit.java:184)
	at io.undertow.server.protocol.http.HttpResponseConduit.processWrite(HttpResponseConduit.java:259)
	at io.undertow.server.protocol.http.HttpResponseConduit.write(HttpResponseConduit.java:633)
	at io.undertow.conduits.ChunkedStreamSinkConduit.doWrite(ChunkedStreamSinkConduit.java:163)
	at io.undertow.conduits.ChunkedStreamSinkConduit.write(ChunkedStreamSinkConduit.java:127)
	at org.xnio.conduits.ConduitStreamSinkChannel.write(ConduitStreamSinkChannel.java:150)
	at io.undertow.channels.DetachableStreamSinkChannel.write(DetachableStreamSinkChannel.java:240)
	at io.undertow.server.HttpServerExchange$WriteDispatchChannel.write(HttpServerExchange.java:2094)
	at io.undertow.servlet.spec.ServletOutputStreamImpl.writeBufferBlocking(ServletOutputStreamImpl.java:573)
	at io.undertow.servlet.spec.ServletOutputStreamImpl.flushInternal(ServletOutputStreamImpl.java:488)
	at io.undertow.servlet.spec.ServletOutputStreamImpl.flush(ServletOutputStreamImpl.java:475)
	at org.springframework.security.web.util.OnCommittedResponseWrapper$SaveContextServletOutputStream.flush(OnCommittedResponseWrapper.java:514)
	at com.fasterxml.jackson.core.json.UTF8JsonGenerator.flush(UTF8JsonGenerator.java:1054)
	at com.fasterxml.jackson.databind.ObjectWriter.writeValue(ObjectWriter.java:953)
	at org.springframework.http.converter.json.AbstractJackson2HttpMessageConverter.writeInternal(AbstractJackson2HttpMessageConverter.java:286)
	at org.springframework.http.converter.AbstractGenericHttpMessageConverter.write(AbstractGenericHttpMessageConverter.java:106)
	at org.springframework.web.servlet.mvc.method.annotation.AbstractMessageConverterMethodProcessor.writeWithMessageConverters(AbstractMessageConverterMethodProcessor.java:231)
	at org.springframework.web.servlet.mvc.method.annotation.HttpEntityMethodProcessor.handleReturnValue(HttpEntityMethodProcessor.java:208)
	at org.springframework.web.method.support.HandlerMethodReturnValueHandlerComposite.handleReturnValue(HandlerMethodReturnValueHandlerComposite.java:81)
	at org.springframework.web.servlet.mvc.method.annotation.ServletInvocableHandlerMethod.invokeAndHandle(ServletInvocableHandlerMethod.java:113)
	at org.springframework.web.servlet.mvc.method.annotation.RequestMappingHandlerAdapter.invokeHandlerMethod(RequestMappingHandlerAdapter.java:827)
	at org.springframework.web.servlet.mvc.method.annotation.RequestMappingHandlerAdapter.handleInternal(RequestMappingHandlerAdapter.java:738)
	at org.springframework.web.servlet.mvc.method.AbstractHandlerMethodAdapter.handle(AbstractHandlerMethodAdapter.java:85)
	at org.springframework.web.servlet.DispatcherServlet.doDispatch(DispatcherServlet.java:967)
	at org.springframework.web.servlet.DispatcherServlet.doService(DispatcherServlet.java:901)
	at org.springframework.web.servlet.FrameworkServlet.processRequest(FrameworkServlet.java:970)
	at org.springframework.web.servlet.FrameworkServlet.doGet(FrameworkServlet.java:861)
	at javax.servlet.http.HttpServlet.service(HttpServlet.java:687)
	at org.springframework.web.servlet.FrameworkServlet.service(FrameworkServlet.java:846)
	at javax.servlet.http.HttpServlet.service(HttpServlet.java:790)
	at io.undertow.servlet.handlers.ServletHandler.handleRequest(ServletHandler.java:74)
	at io.undertow.servlet.handlers.FilterHandler$FilterChainImpl.doFilter(FilterHandler.java:129)
	at com.codahale.metrics.servlet.AbstractInstrumentedFilter.doFilter(AbstractInstrumentedFilter.java:111)
	at io.undertow.servlet.core.ManagedFilter.doFilter(ManagedFilter.java:61)
	at io.undertow.servlet.handlers.FilterHandler$FilterChainImpl.doFilter(FilterHandler.java:131)
	at org.springframework.boot.web.filter.ApplicationContextHeaderFilter.doFilterInternal(ApplicationContextHeaderFilter.java:55)
	at org.springframework.web.filter.OncePerRequestFilter.doFilter(OncePerRequestFilter.java:107)
	at io.undertow.servlet.core.ManagedFilter.doFilter(ManagedFilter.java:61)
	at io.undertow.servlet.handlers.FilterHandler$FilterChainImpl.doFilter(FilterHandler.java:131)
	at org.springframework.web.filter.CorsFilter.doFilterInternal(CorsFilter.java:96)
	at org.springframework.web.filter.OncePerRequestFilter.doFilter(OncePerRequestFilter.java:107)
	at io.undertow.servlet.core.ManagedFilter.doFilter(ManagedFilter.java:61)
	at io.undertow.servlet.handlers.FilterHandler$FilterChainImpl.doFilter(FilterHandler.java:131)
	at org.springframework.boot.actuate.trace.WebRequestTraceFilter.doFilterInternal(WebRequestTraceFilter.java:111)
	at org.springframework.web.filter.OncePerRequestFilter.doFilter(OncePerRequestFilter.java:107)
	at io.undertow.servlet.core.ManagedFilter.doFilter(ManagedFilter.java:61)
	at io.undertow.servlet.handlers.FilterHandler$FilterChainImpl.doFilter(FilterHandler.java:131)
	at org.springframework.security.web.FilterChainProxy$VirtualFilterChain.doFilter(FilterChainProxy.java:317)
	at org.springframework.security.web.access.intercept.FilterSecurityInterceptor.invoke(FilterSecurityInterceptor.java:127)
	at org.springframework.security.web.access.intercept.FilterSecurityInterceptor.doFilter(FilterSecurityInterceptor.java:91)
	at org.springframework.security.web.FilterChainProxy$VirtualFilterChain.doFilter(FilterChainProxy.java:331)
	at org.springframework.security.web.access.ExceptionTranslationFilter.doFilter(ExceptionTranslationFilter.java:114)
	at org.springframework.security.web.FilterChainProxy$VirtualFilterChain.doFilter(FilterChainProxy.java:331)
	at org.springframework.security.web.session.SessionManagementFilter.doFilter(SessionManagementFilter.java:137)
	at org.springframework.security.web.FilterChainProxy$VirtualFilterChain.doFilter(FilterChainProxy.java:331)
	at org.springframework.security.web.authentication.AnonymousAuthenticationFilter.doFilter(AnonymousAuthenticationFilter.java:111)
	at org.springframework.security.web.FilterChainProxy$VirtualFilterChain.doFilter(FilterChainProxy.java:331)
	at org.springframework.security.web.servletapi.SecurityContextHolderAwareRequestFilter.doFilter(SecurityContextHolderAwareRequestFilter.java:170)
	at org.springframework.security.web.FilterChainProxy$VirtualFilterChain.doFilter(FilterChainProxy.java:331)
	at org.springframework.security.web.savedrequest.RequestCacheAwareFilter.doFilter(RequestCacheAwareFilter.java:63)
	at org.springframework.security.web.FilterChainProxy$VirtualFilterChain.doFilter(FilterChainProxy.java:331)
	at com.ip.requestmanager.security.jwt.JWTFilter.doFilter(JWTFilter.java:36)
	at org.springframework.security.web.FilterChainProxy$VirtualFilterChain.doFilter(FilterChainProxy.java:331)
	at org.springframework.security.web.authentication.logout.LogoutFilter.doFilter(LogoutFilter.java:116)
	at org.springframework.security.web.FilterChainProxy$VirtualFilterChain.doFilter(FilterChainProxy.java:331)
	at org.springframework.security.web.header.HeaderWriterFilter.doFilterInternal(HeaderWriterFilter.java:66)
	at org.springframework.web.filter.OncePerRequestFilter.doFilter(OncePerRequestFilter.java:107)
	at org.springframework.security.web.FilterChainProxy$VirtualFilterChain.doFilter(FilterChainProxy.java:331)
	at org.springframework.security.web.context.SecurityContextPersistenceFilter.doFilter(SecurityContextPersistenceFilter.java:105)
	at org.springframework.security.web.FilterChainProxy$VirtualFilterChain.doFilter(FilterChainProxy.java:331)
	at org.springframework.security.web.context.request.async.WebAsyncManagerIntegrationFilter.doFilterInternal(WebAsyncManagerIntegrationFilter.java:56)
	at org.springframework.web.filter.OncePerRequestFilter.doFilter(OncePerRequestFilter.java:107)
	at org.springframework.security.web.FilterChainProxy$VirtualFilterChain.doFilter(FilterChainProxy.java:331)
	at org.springframework.security.web.FilterChainProxy.doFilterInternal(FilterChainProxy.java:214)
	at org.springframework.security.web.FilterChainProxy.doFilter(FilterChainProxy.java:177)
	at org.springframework.web.filter.DelegatingFilterProxy.invokeDelegate(DelegatingFilterProxy.java:347)
	at org.springframework.web.filter.DelegatingFilterProxy.doFilter(DelegatingFilterProxy.java:263)
	at io.undertow.servlet.core.ManagedFilter.doFilter(ManagedFilter.java:61)
	at io.undertow.servlet.handlers.FilterHandler$FilterChainImpl.doFilter(FilterHandler.java:131)
	at org.springframework.web.filter.RequestContextFilter.doFilterInternal(RequestContextFilter.java:99)
	at org.springframework.web.filter.OncePerRequestFilter.doFilter(OncePerRequestFilter.java:107)
	at io.undertow.servlet.core.ManagedFilter.doFilter(ManagedFilter.java:61)
	at io.undertow.servlet.handlers.FilterHandler$FilterChainImpl.doFilter(FilterHandler.java:131)
	at org.springframework.web.filter.HttpPutFormContentFilter.doFilterInternal(HttpPutFormContentFilter.java:109)
	at org.springframework.web.filter.OncePerRequestFilter.doFilter(OncePerRequestFilter.java:107)
	at io.undertow.servlet.core.ManagedFilter.doFilter(ManagedFilter.java:61)
	at io.undertow.servlet.handlers.FilterHandler$FilterChainImpl.doFilter(FilterHandler.java:131)
	at org.springframework.web.filter.HiddenHttpMethodFilter.doFilterInternal(HiddenHttpMethodFilter.java:81)
	at org.springframework.web.filter.OncePerRequestFilter.doFilter(OncePerRequestFilter.java:107)
	at io.undertow.servlet.core.ManagedFilter.doFilter(ManagedFilter.java:61)
	at io.undertow.servlet.handlers.FilterHandler$FilterChainImpl.doFilter(FilterHandler.java:131)
	at org.springframework.web.filter.CharacterEncodingFilter.doFilterInternal(CharacterEncodingFilter.java:197)
	at org.springframework.web.filter.OncePerRequestFilter.doFilter(OncePerRequestFilter.java:107)
	at io.undertow.servlet.core.ManagedFilter.doFilter(ManagedFilter.java:61)
	at io.undertow.servlet.handlers.FilterHandler$FilterChainImpl.doFilter(FilterHandler.java:131)
	at io.undertow.servlet.handlers.FilterHandler.handleRequest(FilterHandler.java:84)
	at io.undertow.servlet.handlers.security.ServletSecurityRoleHandler.handleRequest(ServletSecurityRoleHandler.java:62)
	at io.undertow.servlet.handlers.ServletChain$1.handleRequest(ServletChain.java:64)
	at io.undertow.servlet.handlers.ServletDispatchingHandler.handleRequest(ServletDispatchingHandler.java:36)
	at io.undertow.servlet.handlers.security.SSLInformationAssociationHandler.handleRequest(SSLInformationAssociationHandler.java:132)
	at io.undertow.servlet.handlers.security.ServletAuthenticationCallHandler.handleRequest(ServletAuthenticationCallHandler.java:57)
	at io.undertow.server.handlers.PredicateHandler.handleRequest(PredicateHandler.java:43)
	at io.undertow.security.handlers.AbstractConfidentialityHandler.handleRequest(AbstractConfidentialityHandler.java:46)
	at io.undertow.servlet.handlers.security.ServletConfidentialityConstraintHandler.handleRequest(ServletConfidentialityConstraintHandler.java:64)
	at io.undertow.security.handlers.AuthenticationMechanismsHandler.handleRequest(AuthenticationMechanismsHandler.java:60)
	at io.undertow.servlet.handlers.security.CachedAuthenticatedSessionHandler.handleRequest(CachedAuthenticatedSessionHandler.java:77)
	at io.undertow.security.handlers.AbstractSecurityContextAssociationHandler.handleRequest(AbstractSecurityContextAssociationHandler.java:43)
	at io.undertow.server.handlers.PredicateHandler.handleRequest(PredicateHandler.java:43)
	at io.undertow.server.handlers.PredicateHandler.handleRequest(PredicateHandler.java:43)
	at io.undertow.servlet.handlers.SessionRestoringHandler.handleRequest(SessionRestoringHandler.java:119)
	at io.undertow.servlet.handlers.ServletInitialHandler.handleFirstRequest(ServletInitialHandler.java:292)
	at io.undertow.servlet.handlers.ServletInitialHandler.access$100(ServletInitialHandler.java:81)
	at io.undertow.servlet.handlers.ServletInitialHandler$2.call(ServletInitialHandler.java:138)
	at io.undertow.servlet.handlers.ServletInitialHandler$2.call(ServletInitialHandler.java:135)
	at io.undertow.servlet.core.ServletRequestContextThreadSetupAction$1.call(ServletRequestContextThreadSetupAction.java:48)
	at io.undertow.servlet.core.ContextClassLoaderSetupAction$1.call(ContextClassLoaderSetupAction.java:43)
	at io.undertow.servlet.handlers.ServletInitialHandler.dispatchRequest(ServletInitialHandler.java:272)
	at io.undertow.servlet.handlers.ServletInitialHandler.access$000(ServletInitialHandler.java:81)
	at io.undertow.servlet.handlers.ServletInitialHandler$1.handleRequest(ServletInitialHandler.java:104)
	at io.undertow.server.Connectors.executeRootHandler(Connectors.java:336)
	at io.undertow.server.HttpServerExchange$1.run(HttpServerExchange.java:830)
	at java.util.concurrent.ThreadPoolExecutor.runWorker(ThreadPoolExecutor.java:1149)
	at java.util.concurrent.ThreadPoolExecutor$Worker.run(ThreadPoolExecutor.java:624)
	at java.lang.Thread.run(Thread.java:748)

2018-05-14 19:38:15.220  WARN 8236 --- [XNIO-2 task-1] .m.m.a.ExceptionHandlerExceptionResolver : Failed to invoke @ExceptionHandler method: public default org.springframework.http.ResponseEntity<org.zalando.problem.Problem> org.zalando.problem.spring.web.advice.general.ThrowableAdviceTrait.handleThrowable(java.lang.Throwable,org.springframework.web.context.request.NativeWebRequest)

java.io.IOException: UT010029: Stream is closed
	at io.undertow.servlet.spec.ServletOutputStreamImpl.write(ServletOutputStreamImpl.java:136)
	at org.springframework.security.web.util.OnCommittedResponseWrapper$SaveContextServletOutputStream.write(OnCommittedResponseWrapper.java:639)
	at com.fasterxml.jackson.core.json.UTF8JsonGenerator._flushBuffer(UTF8JsonGenerator.java:2039)
	at com.fasterxml.jackson.core.json.UTF8JsonGenerator.flush(UTF8JsonGenerator.java:1051)
	at com.fasterxml.jackson.databind.ObjectWriter.writeValue(ObjectWriter.java:953)
	at org.springframework.http.converter.json.AbstractJackson2HttpMessageConverter.writeInternal(AbstractJackson2HttpMessageConverter.java:286)
	at org.springframework.http.converter.AbstractGenericHttpMessageConverter.write(AbstractGenericHttpMessageConverter.java:106)
	at org.springframework.web.servlet.mvc.method.annotation.AbstractMessageConverterMethodProcessor.writeWithMessageConverters(AbstractMessageConverterMethodProcessor.java:231)
	at org.springframework.web.servlet.mvc.method.annotation.HttpEntityMethodProcessor.handleReturnValue(HttpEntityMethodProcessor.java:208)
	at org.springframework.web.method.support.HandlerMethodReturnValueHandlerComposite.handleReturnValue(HandlerMethodReturnValueHandlerComposite.java:81)
	at org.springframework.web.servlet.mvc.method.annotation.ServletInvocableHandlerMethod.invokeAndHandle(ServletInvocableHandlerMethod.java:113)
	at org.springframework.web.servlet.mvc.method.annotation.ExceptionHandlerExceptionResolver.doResolveHandlerMethodException(ExceptionHandlerExceptionResolver.java:385)
	at org.springframework.web.servlet.handler.AbstractHandlerMethodExceptionResolver.doResolveException(AbstractHandlerMethodExceptionResolver.java:59)
	at org.springframework.web.servlet.handler.AbstractHandlerExceptionResolver.resolveException(AbstractHandlerExceptionResolver.java:136)
	at org.springframework.web.servlet.handler.HandlerExceptionResolverComposite.resolveException(HandlerExceptionResolverComposite.java:76)
	at org.springframework.web.servlet.DispatcherServlet.processHandlerException(DispatcherServlet.java:1222)
	at org.springframework.web.servlet.DispatcherServlet.processDispatchResult(DispatcherServlet.java:1034)
	at org.springframework.web.servlet.DispatcherServlet.doDispatch(DispatcherServlet.java:984)
	at org.springframework.web.servlet.DispatcherServlet.doService(DispatcherServlet.java:901)
	at org.springframework.web.servlet.FrameworkServlet.processRequest(FrameworkServlet.java:970)
	at org.springframework.web.servlet.FrameworkServlet.doGet(FrameworkServlet.java:861)
	at javax.servlet.http.HttpServlet.service(HttpServlet.java:687)
	at org.springframework.web.servlet.FrameworkServlet.service(FrameworkServlet.java:846)
	at javax.servlet.http.HttpServlet.service(HttpServlet.java:790)
	at io.undertow.servlet.handlers.ServletHandler.handleRequest(ServletHandler.java:74)
	at io.undertow.servlet.handlers.FilterHandler$FilterChainImpl.doFilter(FilterHandler.java:129)
	at com.codahale.metrics.servlet.AbstractInstrumentedFilter.doFilter(AbstractInstrumentedFilter.java:111)
	at io.undertow.servlet.core.ManagedFilter.doFilter(ManagedFilter.java:61)
	at io.undertow.servlet.handlers.FilterHandler$FilterChainImpl.doFilter(FilterHandler.java:131)
	at org.springframework.boot.web.filter.ApplicationContextHeaderFilter.doFilterInternal(ApplicationContextHeaderFilter.java:55)
	at org.springframework.web.filter.OncePerRequestFilter.doFilter(OncePerRequestFilter.java:107)
	at io.undertow.servlet.core.ManagedFilter.doFilter(ManagedFilter.java:61)
	at io.undertow.servlet.handlers.FilterHandler$FilterChainImpl.doFilter(FilterHandler.java:131)
	at org.springframework.web.filter.CorsFilter.doFilterInternal(CorsFilter.java:96)
	at org.springframework.web.filter.OncePerRequestFilter.doFilter(OncePerRequestFilter.java:107)
	at io.undertow.servlet.core.ManagedFilter.doFilter(ManagedFilter.java:61)
	at io.undertow.servlet.handlers.FilterHandler$FilterChainImpl.doFilter(FilterHandler.java:131)
	at org.springframework.boot.actuate.trace.WebRequestTraceFilter.doFilterInternal(WebRequestTraceFilter.java:111)
	at org.springframework.web.filter.OncePerRequestFilter.doFilter(OncePerRequestFilter.java:107)
	at io.undertow.servlet.core.ManagedFilter.doFilter(ManagedFilter.java:61)
	at io.undertow.servlet.handlers.FilterHandler$FilterChainImpl.doFilter(FilterHandler.java:131)
	at org.springframework.security.web.FilterChainProxy$VirtualFilterChain.doFilter(FilterChainProxy.java:317)
	at org.springframework.security.web.access.intercept.FilterSecurityInterceptor.invoke(FilterSecurityInterceptor.java:127)
	at org.springframework.security.web.access.intercept.FilterSecurityInterceptor.doFilter(FilterSecurityInterceptor.java:91)
	at org.springframework.security.web.FilterChainProxy$VirtualFilterChain.doFilter(FilterChainProxy.java:331)
	at org.springframework.security.web.access.ExceptionTranslationFilter.doFilter(ExceptionTranslationFilter.java:114)
	at org.springframework.security.web.FilterChainProxy$VirtualFilterChain.doFilter(FilterChainProxy.java:331)
	at org.springframework.security.web.session.SessionManagementFilter.doFilter(SessionManagementFilter.java:137)
	at org.springframework.security.web.FilterChainProxy$VirtualFilterChain.doFilter(FilterChainProxy.java:331)
	at org.springframework.security.web.authentication.AnonymousAuthenticationFilter.doFilter(AnonymousAuthenticationFilter.java:111)
	at org.springframework.security.web.FilterChainProxy$VirtualFilterChain.doFilter(FilterChainProxy.java:331)
	at org.springframework.security.web.servletapi.SecurityContextHolderAwareRequestFilter.doFilter(SecurityContextHolderAwareRequestFilter.java:170)
	at org.springframework.security.web.FilterChainProxy$VirtualFilterChain.doFilter(FilterChainProxy.java:331)
	at org.springframework.security.web.savedrequest.RequestCacheAwareFilter.doFilter(RequestCacheAwareFilter.java:63)
	at org.springframework.security.web.FilterChainProxy$VirtualFilterChain.doFilter(FilterChainProxy.java:331)
	at com.ip.requestmanager.security.jwt.JWTFilter.doFilter(JWTFilter.java:36)
	at org.springframework.security.web.FilterChainProxy$VirtualFilterChain.doFilter(FilterChainProxy.java:331)
	at org.springframework.security.web.authentication.logout.LogoutFilter.doFilter(LogoutFilter.java:116)
	at org.springframework.security.web.FilterChainProxy$VirtualFilterChain.doFilter(FilterChainProxy.java:331)
	at org.springframework.security.web.header.HeaderWriterFilter.doFilterInternal(HeaderWriterFilter.java:66)
	at org.springframework.web.filter.OncePerRequestFilter.doFilter(OncePerRequestFilter.java:107)
	at org.springframework.security.web.FilterChainProxy$VirtualFilterChain.doFilter(FilterChainProxy.java:331)
	at org.springframework.security.web.context.SecurityContextPersistenceFilter.doFilter(SecurityContextPersistenceFilter.java:105)
	at org.springframework.security.web.FilterChainProxy$VirtualFilterChain.doFilter(FilterChainProxy.java:331)
	at org.springframework.security.web.context.request.async.WebAsyncManagerIntegrationFilter.doFilterInternal(WebAsyncManagerIntegrationFilter.java:56)
	at org.springframework.web.filter.OncePerRequestFilter.doFilter(OncePerRequestFilter.java:107)
	at org.springframework.security.web.FilterChainProxy$VirtualFilterChain.doFilter(FilterChainProxy.java:331)
	at org.springframework.security.web.FilterChainProxy.doFilterInternal(FilterChainProxy.java:214)
	at org.springframework.security.web.FilterChainProxy.doFilter(FilterChainProxy.java:177)
	at org.springframework.web.filter.DelegatingFilterProxy.invokeDelegate(DelegatingFilterProxy.java:347)
	at org.springframework.web.filter.DelegatingFilterProxy.doFilter(DelegatingFilterProxy.java:263)
	at io.undertow.servlet.core.ManagedFilter.doFilter(ManagedFilter.java:61)
	at io.undertow.servlet.handlers.FilterHandler$FilterChainImpl.doFilter(FilterHandler.java:131)
	at org.springframework.web.filter.RequestContextFilter.doFilterInternal(RequestContextFilter.java:99)
	at org.springframework.web.filter.OncePerRequestFilter.doFilter(OncePerRequestFilter.java:107)
	at io.undertow.servlet.core.ManagedFilter.doFilter(ManagedFilter.java:61)
	at io.undertow.servlet.handlers.FilterHandler$FilterChainImpl.doFilter(FilterHandler.java:131)
	at org.springframework.web.filter.HttpPutFormContentFilter.doFilterInternal(HttpPutFormContentFilter.java:109)
	at org.springframework.web.filter.OncePerRequestFilter.doFilter(OncePerRequestFilter.java:107)
	at io.undertow.servlet.core.ManagedFilter.doFilter(ManagedFilter.java:61)
	at io.undertow.servlet.handlers.FilterHandler$FilterChainImpl.doFilter(FilterHandler.java:131)
	at org.springframework.web.filter.HiddenHttpMethodFilter.doFilterInternal(HiddenHttpMethodFilter.java:81)
	at org.springframework.web.filter.OncePerRequestFilter.doFilter(OncePerRequestFilter.java:107)
	at io.undertow.servlet.core.ManagedFilter.doFilter(ManagedFilter.java:61)
	at io.undertow.servlet.handlers.FilterHandler$FilterChainImpl.doFilter(FilterHandler.java:131)
	at org.springframework.web.filter.CharacterEncodingFilter.doFilterInternal(CharacterEncodingFilter.java:197)
	at org.springframework.web.filter.OncePerRequestFilter.doFilter(OncePerRequestFilter.java:107)
	at io.undertow.servlet.core.ManagedFilter.doFilter(ManagedFilter.java:61)
	at io.undertow.servlet.handlers.FilterHandler$FilterChainImpl.doFilter(FilterHandler.java:131)
	at io.undertow.servlet.handlers.FilterHandler.handleRequest(FilterHandler.java:84)
	at io.undertow.servlet.handlers.security.ServletSecurityRoleHandler.handleRequest(ServletSecurityRoleHandler.java:62)
	at io.undertow.servlet.handlers.ServletChain$1.handleRequest(ServletChain.java:64)
	at io.undertow.servlet.handlers.ServletDispatchingHandler.handleRequest(ServletDispatchingHandler.java:36)
	at io.undertow.servlet.handlers.security.SSLInformationAssociationHandler.handleRequest(SSLInformationAssociationHandler.java:132)
	at io.undertow.servlet.handlers.security.ServletAuthenticationCallHandler.handleRequest(ServletAuthenticationCallHandler.java:57)
	at io.undertow.server.handlers.PredicateHandler.handleRequest(PredicateHandler.java:43)
	at io.undertow.security.handlers.AbstractConfidentialityHandler.handleRequest(AbstractConfidentialityHandler.java:46)
	at io.undertow.servlet.handlers.security.ServletConfidentialityConstraintHandler.handleRequest(ServletConfidentialityConstraintHandler.java:64)
	at io.undertow.security.handlers.AuthenticationMechanismsHandler.handleRequest(AuthenticationMechanismsHandler.java:60)
	at io.undertow.servlet.handlers.security.CachedAuthenticatedSessionHandler.handleRequest(CachedAuthenticatedSessionHandler.java:77)
	at io.undertow.security.handlers.AbstractSecurityContextAssociationHandler.handleRequest(AbstractSecurityContextAssociationHandler.java:43)
	at io.undertow.server.handlers.PredicateHandler.handleRequest(PredicateHandler.java:43)
	at io.undertow.server.handlers.PredicateHandler.handleRequest(PredicateHandler.java:43)
	at io.undertow.servlet.handlers.SessionRestoringHandler.handleRequest(SessionRestoringHandler.java:119)
	at io.undertow.servlet.handlers.ServletInitialHandler.handleFirstRequest(ServletInitialHandler.java:292)
	at io.undertow.servlet.handlers.ServletInitialHandler.access$100(ServletInitialHandler.java:81)
	at io.undertow.servlet.handlers.ServletInitialHandler$2.call(ServletInitialHandler.java:138)
	at io.undertow.servlet.handlers.ServletInitialHandler$2.call(ServletInitialHandler.java:135)
	at io.undertow.servlet.core.ServletRequestContextThreadSetupAction$1.call(ServletRequestContextThreadSetupAction.java:48)
	at io.undertow.servlet.core.ContextClassLoaderSetupAction$1.call(ContextClassLoaderSetupAction.java:43)
	at io.undertow.servlet.handlers.ServletInitialHandler.dispatchRequest(ServletInitialHandler.java:272)
	at io.undertow.servlet.handlers.ServletInitialHandler.access$000(ServletInitialHandler.java:81)
	at io.undertow.servlet.handlers.ServletInitialHandler$1.handleRequest(ServletInitialHandler.java:104)
	at io.undertow.server.Connectors.executeRootHandler(Connectors.java:336)
	at io.undertow.server.HttpServerExchange$1.run(HttpServerExchange.java:830)
	at java.util.concurrent.ThreadPoolExecutor.runWorker(ThreadPoolExecutor.java:1149)
	at java.util.concurrent.ThreadPoolExecutor$Worker.run(ThreadPoolExecutor.java:624)
	at java.lang.Thread.run(Thread.java:748)

2018-05-14 19:39:25.086 DEBUG 8236 --- [XNIO-2 task-2] c.i.r.aop.logging.LoggingAspect          : Enter: com.ip.requestmanager.web.rest.RequestResource.getAllRequests() with argument[s] = [Page request [number: 0, size 20, sort: id: ASC]]
2018-05-14 19:39:25.086 DEBUG 8236 --- [XNIO-2 task-2] c.i.r.web.rest.RequestResource           : REST request to get a page of Requests
2018-05-14 19:39:25.110 DEBUG 8236 --- [XNIO-2 task-2] c.i.r.aop.logging.LoggingAspect          : Enter: com.ip.requestmanager.service.impl.RequestServiceImpl.findAll() with argument[s] = [Page request [number: 0, size 20, sort: id: ASC]]
2018-05-14 19:39:25.111 DEBUG 8236 --- [XNIO-2 task-2] c.i.r.service.impl.RequestServiceImpl    : Request to get all Requests
2018-05-14 19:39:25.114 DEBUG 8236 --- [XNIO-2 task-2] c.i.r.aop.logging.LoggingAspect          : Exit: com.ip.requestmanager.service.impl.RequestServiceImpl.findAll() with result = Page 1 of 0 containing UNKNOWN instances
2018-05-14 19:39:25.130 DEBUG 8236 --- [XNIO-2 task-2] c.i.r.aop.logging.LoggingAspect          : Exit: com.ip.requestmanager.web.rest.RequestResource.getAllRequests() with result = <200 OK,[],{X-Total-Count=[0], Link=[</api/requests?page=0&size=20>; rel="last",</api/requests?page=0&size=20>; rel="first"]}>
2018-05-14 19:39:40.085 DEBUG 8236 --- [XNIO-2 task-3] c.i.r.aop.logging.LoggingAspect          : Enter: com.ip.requestmanager.web.rest.RequestResource.createRequest() with argument[s] = [RequestDTO{id=null, command='cra', body='blau'}]
2018-05-14 19:39:40.100 DEBUG 8236 --- [XNIO-2 task-3] c.i.r.web.rest.RequestResource           : REST request to save Request : RequestDTO{id=null, command='cra', body='blau'}
2018-05-14 19:39:40.100 DEBUG 8236 --- [XNIO-2 task-3] c.i.r.aop.logging.LoggingAspect          : Enter: com.ip.requestmanager.service.impl.RequestServiceImpl.save() with argument[s] = [RequestDTO{id=null, command='cra', body='blau'}]
2018-05-14 19:39:40.100 DEBUG 8236 --- [XNIO-2 task-3] c.i.r.service.impl.RequestServiceImpl    : Request to save Request : RequestDTO{id=null, command='cra', body='blau'}
2018-05-14 19:39:42.139 DEBUG 8236 --- [XNIO-2 task-3] c.i.r.aop.logging.LoggingAspect          : Exit: com.ip.requestmanager.service.impl.RequestServiceImpl.save() with result = RequestDTO{id=951, command='cra', body='blau'}
2018-05-14 19:39:44.288 DEBUG 8236 --- [XNIO-2 task-3] c.i.r.aop.logging.LoggingAspect          : Exit: com.ip.requestmanager.web.rest.RequestResource.createRequest() with result = <201 Created,RequestDTO{id=951, command='cra', body='blau'},{Location=[/api/requests/951], X-requestmanagerApp-alert=[A new request is created with identifier 951], X-requestmanagerApp-params=[951]}>
2018-05-14 19:39:44.454 DEBUG 8236 --- [XNIO-2 task-4] c.i.r.aop.logging.LoggingAspect          : Enter: com.ip.requestmanager.web.rest.RequestResource.createRequest() with argument[s] = [RequestDTO{id=null, command='cra', body='blau'}]
2018-05-14 19:39:44.455 DEBUG 8236 --- [XNIO-2 task-4] c.i.r.web.rest.RequestResource           : REST request to save Request : RequestDTO{id=null, command='cra', body='blau'}
2018-05-14 19:39:44.458 DEBUG 8236 --- [XNIO-2 task-4] c.i.r.aop.logging.LoggingAspect          : Enter: com.ip.requestmanager.service.impl.RequestServiceImpl.save() with argument[s] = [RequestDTO{id=null, command='cra', body='blau'}]
2018-05-14 19:39:44.458 DEBUG 8236 --- [XNIO-2 task-4] c.i.r.service.impl.RequestServiceImpl    : Request to save Request : RequestDTO{id=null, command='cra', body='blau'}
2018-05-14 19:39:44.471 DEBUG 8236 --- [XNIO-2 task-4] c.i.r.aop.logging.LoggingAspect          : Exit: com.ip.requestmanager.service.impl.RequestServiceImpl.save() with result = RequestDTO{id=952, command='cra', body='blau'}
2018-05-14 19:39:44.536 DEBUG 8236 --- [XNIO-2 task-4] c.i.r.aop.logging.LoggingAspect          : Exit: com.ip.requestmanager.web.rest.RequestResource.createRequest() with result = <201 Created,RequestDTO{id=952, command='cra', body='blau'},{Location=[/api/requests/952], X-requestmanagerApp-alert=[A new request is created with identifier 952], X-requestmanagerApp-params=[952]}>
2018-05-14 19:39:44.696 DEBUG 8236 --- [XNIO-2 task-5] c.i.r.aop.logging.LoggingAspect          : Enter: com.ip.requestmanager.web.rest.RequestResource.getAllRequests() with argument[s] = [Page request [number: 0, size 20, sort: id: ASC]]
2018-05-14 19:39:44.697 DEBUG 8236 --- [XNIO-2 task-5] c.i.r.web.rest.RequestResource           : REST request to get a page of Requests
2018-05-14 19:39:44.706 DEBUG 8236 --- [XNIO-2 task-5] c.i.r.aop.logging.LoggingAspect          : Enter: com.ip.requestmanager.service.impl.RequestServiceImpl.findAll() with argument[s] = [Page request [number: 0, size 20, sort: id: ASC]]
2018-05-14 19:39:44.707 DEBUG 8236 --- [XNIO-2 task-5] c.i.r.service.impl.RequestServiceImpl    : Request to get all Requests
2018-05-14 19:39:44.957 DEBUG 8236 --- [XNIO-2 task-5] c.i.r.aop.logging.LoggingAspect          : Exit: com.ip.requestmanager.service.impl.RequestServiceImpl.findAll() with result = Page 1 of 1 containing com.ip.requestmanager.service.dto.RequestDTO instances
2018-05-14 19:39:44.957 DEBUG 8236 --- [XNIO-2 task-5] c.i.r.aop.logging.LoggingAspect          : Exit: com.ip.requestmanager.web.rest.RequestResource.getAllRequests() with result = <200 OK,[RequestDTO{id=951, command='cra', body='blau'}, RequestDTO{id=952, command='cra', body='blau'}],{X-Total-Count=[2], Link=[</api/requests?page=0&size=20>; rel="last",</api/requests?page=0&size=20>; rel="first"]}>
2018-05-14 19:39:53.456 DEBUG 8236 --- [XNIO-2 task-6] c.i.r.aop.logging.LoggingAspect          : Enter: com.ip.requestmanager.web.rest.RequestResource.getAllRequests() with argument[s] = [Page request [number: 0, size 20, sort: id: ASC]]
2018-05-14 19:39:53.456 DEBUG 8236 --- [XNIO-2 task-6] c.i.r.web.rest.RequestResource           : REST request to get a page of Requests
2018-05-14 19:39:53.456 DEBUG 8236 --- [XNIO-2 task-6] c.i.r.aop.logging.LoggingAspect          : Enter: com.ip.requestmanager.service.impl.RequestServiceImpl.findAll() with argument[s] = [Page request [number: 0, size 20, sort: id: ASC]]
2018-05-14 19:39:53.456 DEBUG 8236 --- [XNIO-2 task-6] c.i.r.service.impl.RequestServiceImpl    : Request to get all Requests
2018-05-14 19:39:53.471 DEBUG 8236 --- [XNIO-2 task-6] c.i.r.aop.logging.LoggingAspect          : Exit: com.ip.requestmanager.service.impl.RequestServiceImpl.findAll() with result = Page 1 of 1 containing com.ip.requestmanager.service.dto.RequestDTO instances
2018-05-14 19:39:53.471 DEBUG 8236 --- [XNIO-2 task-6] c.i.r.aop.logging.LoggingAspect          : Exit: com.ip.requestmanager.web.rest.RequestResource.getAllRequests() with result = <200 OK,[RequestDTO{id=951, command='cra', body='blau'}, RequestDTO{id=952, command='cra', body='blau'}],{X-Total-Count=[2], Link=[</api/requests?page=0&size=20>; rel="last",</api/requests?page=0&size=20>; rel="first"]}>
2018-05-14 19:41:00.464 ERROR 8236 --- [DiscoveryClient-2] c.netflix.discovery.TimedSupervisorTask  : task supervisor timed out

java.util.concurrent.TimeoutException: null
	at java.util.concurrent.FutureTask.get(FutureTask.java:205)
	at com.netflix.discovery.TimedSupervisorTask.run(TimedSupervisorTask.java:63)
	at java.util.concurrent.Executors$RunnableAdapter.call(Executors.java:511)
	at java.util.concurrent.FutureTask.run(FutureTask.java:266)
	at java.util.concurrent.ScheduledThreadPoolExecutor$ScheduledFutureTask.access$201(ScheduledThreadPoolExecutor.java:180)
	at java.util.concurrent.ScheduledThreadPoolExecutor$ScheduledFutureTask.run(ScheduledThreadPoolExecutor.java:293)
	at java.util.concurrent.ThreadPoolExecutor.runWorker(ThreadPoolExecutor.java:1149)
	at java.util.concurrent.ThreadPoolExecutor$Worker.run(ThreadPoolExecutor.java:624)
	at java.lang.Thread.run(Thread.java:748)

2018-05-14 19:41:42.032 DEBUG 8236 --- [XNIO-2 task-7] c.i.r.aop.logging.LoggingAspect          : Enter: com.ip.requestmanager.web.rest.RequestResource.getAllRequests() with argument[s] = [Page request [number: 0, size 20, sort: id: ASC]]
2018-05-14 19:41:42.032 DEBUG 8236 --- [XNIO-2 task-7] c.i.r.web.rest.RequestResource           : REST request to get a page of Requests
2018-05-14 19:41:42.032 DEBUG 8236 --- [XNIO-2 task-7] c.i.r.aop.logging.LoggingAspect          : Enter: com.ip.requestmanager.service.impl.RequestServiceImpl.findAll() with argument[s] = [Page request [number: 0, size 20, sort: id: ASC]]
2018-05-14 19:41:42.032 DEBUG 8236 --- [XNIO-2 task-7] c.i.r.service.impl.RequestServiceImpl    : Request to get all Requests
2018-05-14 19:41:42.032 DEBUG 8236 --- [XNIO-2 task-7] c.i.r.aop.logging.LoggingAspect          : Exit: com.ip.requestmanager.service.impl.RequestServiceImpl.findAll() with result = Page 1 of 1 containing com.ip.requestmanager.service.dto.RequestDTO instances
2018-05-14 19:41:42.032 DEBUG 8236 --- [XNIO-2 task-7] c.i.r.aop.logging.LoggingAspect          : Exit: com.ip.requestmanager.web.rest.RequestResource.getAllRequests() with result = <200 OK,[RequestDTO{id=951, command='cra', body='blau'}, RequestDTO{id=952, command='cra', body='blau'}],{X-Total-Count=[2], Link=[</api/requests?page=0&size=20>; rel="last",</api/requests?page=0&size=20>; rel="first"]}>
2018-05-14 19:41:44.245  INFO 8236 --- [AsyncResolver-bootstrap-executor-0] c.n.d.s.r.aws.ConfigClusterResolver      : Resolving eureka endpoints via configuration
2018-05-14 19:41:44.623 DEBUG 8236 --- [XNIO-2 task-8] c.i.r.aop.logging.LoggingAspect          : Enter: com.ip.requestmanager.web.rest.RequestResource.getRequest() with argument[s] = [951]
2018-05-14 19:41:44.627 DEBUG 8236 --- [XNIO-2 task-8] c.i.r.web.rest.RequestResource           : REST request to get Request : 951
2018-05-14 19:41:44.664 DEBUG 8236 --- [XNIO-2 task-8] c.i.r.aop.logging.LoggingAspect          : Enter: com.ip.requestmanager.service.impl.RequestServiceImpl.findOne() with argument[s] = [951]
2018-05-14 19:41:44.664 DEBUG 8236 --- [XNIO-2 task-8] c.i.r.service.impl.RequestServiceImpl    : Request to get Request : 951
2018-05-14 19:41:45.230 DEBUG 8236 --- [XNIO-2 task-8] c.i.r.aop.logging.LoggingAspect          : Exit: com.ip.requestmanager.service.impl.RequestServiceImpl.findOne() with result = RequestDTO{id=951, command='cra', body='blau'}
2018-05-14 19:41:45.377 DEBUG 8236 --- [XNIO-2 task-8] c.i.r.aop.logging.LoggingAspect          : Exit: com.ip.requestmanager.web.rest.RequestResource.getRequest() with result = <200 OK,RequestDTO{id=951, command='cra', body='blau'},{}>
2018-05-14 19:41:47.428 DEBUG 8236 --- [XNIO-2 task-9] c.i.r.aop.logging.LoggingAspect          : Enter: com.ip.requestmanager.web.rest.RequestResource.deleteRequest() with argument[s] = [951]
2018-05-14 19:41:47.428 DEBUG 8236 --- [XNIO-2 task-9] c.i.r.web.rest.RequestResource           : REST request to delete Request : 951
2018-05-14 19:41:47.428 DEBUG 8236 --- [XNIO-2 task-9] c.i.r.aop.logging.LoggingAspect          : Enter: com.ip.requestmanager.service.impl.RequestServiceImpl.delete() with argument[s] = [951]
2018-05-14 19:41:47.465 DEBUG 8236 --- [XNIO-2 task-9] c.i.r.service.impl.RequestServiceImpl    : Request to delete Request : 951
2018-05-14 19:41:48.028 DEBUG 8236 --- [XNIO-2 task-9] c.i.r.aop.logging.LoggingAspect          : Exit: com.ip.requestmanager.service.impl.RequestServiceImpl.delete() with result = null
2018-05-14 19:41:48.313 DEBUG 8236 --- [XNIO-2 task-9] c.i.r.aop.logging.LoggingAspect          : Exit: com.ip.requestmanager.web.rest.RequestResource.deleteRequest() with result = <200 OK,{X-requestmanagerApp-alert=[A request is deleted with identifier 951], X-requestmanagerApp-params=[951]}>
2018-05-14 19:41:48.646 DEBUG 8236 --- [XNIO-2 task-10] c.i.r.aop.logging.LoggingAspect          : Enter: com.ip.requestmanager.web.rest.RequestResource.getAllRequests() with argument[s] = [Page request [number: 0, size 20, sort: id: ASC]]
2018-05-14 19:41:48.647 DEBUG 8236 --- [XNIO-2 task-10] c.i.r.web.rest.RequestResource           : REST request to get a page of Requests
2018-05-14 19:41:48.648 DEBUG 8236 --- [XNIO-2 task-10] c.i.r.aop.logging.LoggingAspect          : Enter: com.ip.requestmanager.service.impl.RequestServiceImpl.findAll() with argument[s] = [Page request [number: 0, size 20, sort: id: ASC]]
2018-05-14 19:41:48.649 DEBUG 8236 --- [XNIO-2 task-10] c.i.r.service.impl.RequestServiceImpl    : Request to get all Requests
2018-05-14 19:41:48.651 DEBUG 8236 --- [XNIO-2 task-10] c.i.r.aop.logging.LoggingAspect          : Exit: com.ip.requestmanager.service.impl.RequestServiceImpl.findAll() with result = Page 1 of 1 containing com.ip.requestmanager.service.dto.RequestDTO instances
2018-05-14 19:41:48.653 DEBUG 8236 --- [XNIO-2 task-10] c.i.r.aop.logging.LoggingAspect          : Exit: com.ip.requestmanager.web.rest.RequestResource.getAllRequests() with result = <200 OK,[RequestDTO{id=952, command='cra', body='blau'}],{X-Total-Count=[1], Link=[</api/requests?page=0&size=20>; rel="last",</api/requests?page=0&size=20>; rel="first"]}>
2018-05-14 19:46:44.357  INFO 8236 --- [AsyncResolver-bootstrap-executor-0] c.n.d.s.r.aws.ConfigClusterResolver      : Resolving eureka endpoints via configuration
2018-05-14 19:49:28.471 DEBUG 8236 --- [XNIO-2 task-11] c.i.r.aop.logging.LoggingAspect          : Enter: com.ip.requestmanager.web.rest.RequestResource.getAllRequests() with argument[s] = [Page request [number: 0, size 20, sort: id: ASC]]
2018-05-14 19:49:28.471 DEBUG 8236 --- [XNIO-2 task-11] c.i.r.web.rest.RequestResource           : REST request to get a page of Requests
2018-05-14 19:49:28.955 DEBUG 8236 --- [XNIO-2 task-11] c.i.r.aop.logging.LoggingAspect          : Enter: com.ip.requestmanager.service.impl.RequestServiceImpl.findAll() with argument[s] = [Page request [number: 0, size 20, sort: id: ASC]]
2018-05-14 19:49:28.955 DEBUG 8236 --- [XNIO-2 task-11] c.i.r.service.impl.RequestServiceImpl    : Request to get all Requests
2018-05-14 19:49:30.104 DEBUG 8236 --- [XNIO-2 task-11] c.i.r.aop.logging.LoggingAspect          : Exit: com.ip.requestmanager.service.impl.RequestServiceImpl.findAll() with result = Page 1 of 1 containing com.ip.requestmanager.service.dto.RequestDTO instances
2018-05-14 19:49:30.996 DEBUG 8236 --- [XNIO-2 task-11] c.i.r.aop.logging.LoggingAspect          : Exit: com.ip.requestmanager.web.rest.RequestResource.getAllRequests() with result = <200 OK,[RequestDTO{id=952, command='cra', body='blau'}],{X-Total-Count=[1], Link=[</api/requests?page=0&size=20>; rel="last",</api/requests?page=0&size=20>; rel="first"]}>
2018-05-15 08:59:56.853  INFO 7652 --- [restartedMain] com.ip.requestmanager.RequestmanagerApp  : The following profiles are active: swagger,dev
2018-05-15 09:00:06.431 DEBUG 7652 --- [restartedMain] c.i.r.config.AsyncConfiguration          : Creating Async Task Executor
2018-05-15 09:00:08.978 DEBUG 7652 --- [restartedMain] c.i.r.config.MetricsConfiguration        : Registering JVM gauges
2018-05-15 09:00:10.353 DEBUG 7652 --- [restartedMain] c.i.r.config.MetricsConfiguration        : Monitoring the datasource
2018-05-15 09:00:10.368 DEBUG 7652 --- [restartedMain] c.i.r.config.MetricsConfiguration        : Initializing Metrics JMX reporting
2018-05-15 09:00:14.712  INFO 7652 --- [restartedMain] c.i.requestmanager.config.WebConfigurer  : Web application configuration, using profiles: swagger
2018-05-15 09:00:14.712 DEBUG 7652 --- [restartedMain] c.i.requestmanager.config.WebConfigurer  : Initializing Metrics registries
2018-05-15 09:00:14.728 DEBUG 7652 --- [restartedMain] c.i.requestmanager.config.WebConfigurer  : Registering Metrics Filter
2018-05-15 09:00:14.728 DEBUG 7652 --- [restartedMain] c.i.requestmanager.config.WebConfigurer  : Registering Metrics Servlet
2018-05-15 09:00:14.743 DEBUG 7652 --- [restartedMain] c.i.requestmanager.config.WebConfigurer  : Initialize H2 console
2018-05-15 09:00:14.743  INFO 7652 --- [restartedMain] c.i.requestmanager.config.WebConfigurer  : Web application fully configured
2018-05-15 09:00:15.384 DEBUG 7652 --- [restartedMain] c.i.r.config.DatabaseConfiguration       : Configuring Liquibase
2018-05-15 09:00:15.446  WARN 7652 --- [requestmanager-Executor-1] i.g.j.c.liquibase.AsyncSpringLiquibase   : Starting Liquibase asynchronously, your database might not be ready at startup!
2018-05-15 09:00:21.031 DEBUG 7652 --- [requestmanager-Executor-1] i.g.j.c.liquibase.AsyncSpringLiquibase   : Liquibase has updated your database in 5585 ms
2018-05-15 09:00:21.031  WARN 7652 --- [requestmanager-Executor-1] i.g.j.c.liquibase.AsyncSpringLiquibase   : Warning, Liquibase took more than 5 seconds to start up!
2018-05-15 09:00:40.060  WARN 7652 --- [restartedMain] c.n.c.sources.URLConfigurationSource     : No URLs will be polled as dynamic configuration sources.
2018-05-15 09:00:40.136  WARN 7652 --- [restartedMain] c.n.c.sources.URLConfigurationSource     : No URLs will be polled as dynamic configuration sources.
2018-05-15 09:00:46.057 DEBUG 7652 --- [restartedMain] i.g.j.c.apidoc.SwaggerConfiguration      : Starting Swagger
2018-05-15 09:00:46.338 DEBUG 7652 --- [restartedMain] i.g.j.c.apidoc.SwaggerConfiguration      : Started Swagger in 281 ms
2018-05-15 09:00:52.590  INFO 7652 --- [restartedMain] com.netflix.discovery.DiscoveryClient    : Initializing Eureka in region us-east-1
2018-05-15 09:00:53.767  INFO 7652 --- [restartedMain] c.n.d.provider.DiscoveryJerseyProvider   : Using JSON encoding codec LegacyJacksonJson
2018-05-15 09:00:53.767  INFO 7652 --- [restartedMain] c.n.d.provider.DiscoveryJerseyProvider   : Using JSON decoding codec LegacyJacksonJson
2018-05-15 09:00:54.423  INFO 7652 --- [restartedMain] c.n.d.provider.DiscoveryJerseyProvider   : Using XML encoding codec XStreamXml
2018-05-15 09:00:54.423  INFO 7652 --- [restartedMain] c.n.d.provider.DiscoveryJerseyProvider   : Using XML decoding codec XStreamXml
2018-05-15 09:00:55.157  INFO 7652 --- [restartedMain] c.n.d.s.r.aws.ConfigClusterResolver      : Resolving eureka endpoints via configuration
2018-05-15 09:00:55.392  INFO 7652 --- [restartedMain] com.netflix.discovery.DiscoveryClient    : Disable delta property : false
2018-05-15 09:00:55.392  INFO 7652 --- [restartedMain] com.netflix.discovery.DiscoveryClient    : Single vip registry refresh property : null
2018-05-15 09:00:55.396  INFO 7652 --- [restartedMain] com.netflix.discovery.DiscoveryClient    : Force full registry fetch : false
2018-05-15 09:00:55.396  INFO 7652 --- [restartedMain] com.netflix.discovery.DiscoveryClient    : Application is null : false
2018-05-15 09:00:55.396  INFO 7652 --- [restartedMain] com.netflix.discovery.DiscoveryClient    : Registered Applications size is zero : true
2018-05-15 09:00:55.400  INFO 7652 --- [restartedMain] com.netflix.discovery.DiscoveryClient    : Application version is -1: true
2018-05-15 09:00:55.401  INFO 7652 --- [restartedMain] com.netflix.discovery.DiscoveryClient    : Getting all instance registry info from the eureka server
2018-05-15 09:00:55.885  INFO 7652 --- [restartedMain] com.netflix.discovery.DiscoveryClient    : The response status is 200
2018-05-15 09:00:55.885  INFO 7652 --- [restartedMain] com.netflix.discovery.DiscoveryClient    : Starting heartbeat executor: renew interval is: 5
2018-05-15 09:00:55.901  INFO 7652 --- [restartedMain] c.n.discovery.InstanceInfoReplicator     : InstanceInfoReplicator onDemand update allowed rate per min is 12
2018-05-15 09:00:55.917  INFO 7652 --- [restartedMain] com.netflix.discovery.DiscoveryClient    : Discovery Client initialized at timestamp 1526364055901 with initial instances count: 2
2018-05-15 09:00:56.026  INFO 7652 --- [restartedMain] com.netflix.discovery.DiscoveryClient    : Saw local status change event StatusChangeEvent [timestamp=1526364056026, current=UP, previous=STARTING]
2018-05-15 09:00:56.041  INFO 7652 --- [DiscoveryClient-InstanceInfoReplicator-0] com.netflix.discovery.DiscoveryClient    : DiscoveryClient_REQUESTMANAGER/requestmanager:2cb565ce0684fa737a9f8cf2bcfb1a30: registering service...
2018-05-15 09:00:56.495  INFO 7652 --- [DiscoveryClient-InstanceInfoReplicator-0] com.netflix.discovery.DiscoveryClient    : DiscoveryClient_REQUESTMANAGER/requestmanager:2cb565ce0684fa737a9f8cf2bcfb1a30 - registration status: 204
2018-05-15 09:00:58.510  INFO 7652 --- [restartedMain] com.ip.requestmanager.RequestmanagerApp  : Started RequestmanagerApp in 75.061 seconds (JVM running for 77.01)
2018-05-15 09:00:58.510  INFO 7652 --- [restartedMain] com.ip.requestmanager.RequestmanagerApp  : 
----------------------------------------------------------
	Application 'requestmanager' is running! Access URLs:
	Local: 		http://localhost:8082
	External: 	http://192.168.2.29:8082
	Profile(s): 	[swagger, dev]
----------------------------------------------------------
2018-05-15 09:00:58.510  INFO 7652 --- [restartedMain] com.ip.requestmanager.RequestmanagerApp  : 
----------------------------------------------------------
	Config Server: 	Connected to the JHipster Registry config server!
----------------------------------------------------------
2018-05-15 09:01:39.315 DEBUG 7652 --- [XNIO-2 task-1] c.i.r.aop.logging.LoggingAspect          : Enter: com.ip.requestmanager.web.rest.RequestResource.getAllRequests() with argument[s] = [Page request [number: 0, size 20, sort: id: ASC]]
2018-05-15 09:01:39.330 DEBUG 7652 --- [XNIO-2 task-1] c.i.r.web.rest.RequestResource           : REST request to get a page of Requests
2018-05-15 09:01:39.487 DEBUG 7652 --- [XNIO-2 task-1] c.i.r.aop.logging.LoggingAspect          : Enter: com.ip.requestmanager.service.impl.RequestServiceImpl.findAll() with argument[s] = [Page request [number: 0, size 20, sort: id: ASC]]
2018-05-15 09:01:39.567 DEBUG 7652 --- [XNIO-2 task-1] c.i.r.service.impl.RequestServiceImpl    : Request to get all Requests
2018-05-15 09:01:40.464 DEBUG 7652 --- [XNIO-2 task-1] c.i.r.aop.logging.LoggingAspect          : Exit: com.ip.requestmanager.service.impl.RequestServiceImpl.findAll() with result = Page 1 of 1 containing com.ip.requestmanager.service.dto.RequestDTO instances
2018-05-15 09:01:40.526 DEBUG 7652 --- [XNIO-2 task-1] c.i.r.aop.logging.LoggingAspect          : Exit: com.ip.requestmanager.web.rest.RequestResource.getAllRequests() with result = <200 OK,[RequestDTO{id=952, command='cra', body='blau'}],{X-Total-Count=[1], Link=[</api/requests?page=0&size=20>; rel="last",</api/requests?page=0&size=20>; rel="first"]}>
2018-05-15 09:01:52.047 DEBUG 7652 --- [XNIO-2 task-2] c.i.r.aop.logging.LoggingAspect          : Enter: com.ip.requestmanager.web.rest.RequestResource.getRequest() with argument[s] = [952]
2018-05-15 09:01:52.051 DEBUG 7652 --- [XNIO-2 task-2] c.i.r.web.rest.RequestResource           : REST request to get Request : 952
2018-05-15 09:01:52.055 DEBUG 7652 --- [XNIO-2 task-2] c.i.r.aop.logging.LoggingAspect          : Enter: com.ip.requestmanager.service.impl.RequestServiceImpl.findOne() with argument[s] = [952]
2018-05-15 09:01:52.055 DEBUG 7652 --- [XNIO-2 task-2] c.i.r.service.impl.RequestServiceImpl    : Request to get Request : 952
2018-05-15 09:01:52.139 DEBUG 7652 --- [XNIO-2 task-2] c.i.r.aop.logging.LoggingAspect          : Exit: com.ip.requestmanager.service.impl.RequestServiceImpl.findOne() with result = RequestDTO{id=952, command='cra', body='blau'}
2018-05-15 09:01:52.147 DEBUG 7652 --- [XNIO-2 task-2] c.i.r.aop.logging.LoggingAspect          : Exit: com.ip.requestmanager.web.rest.RequestResource.getRequest() with result = <200 OK,RequestDTO{id=952, command='cra', body='blau'},{}>
2018-05-15 09:01:56.361 DEBUG 7652 --- [XNIO-2 task-3] c.i.r.aop.logging.LoggingAspect          : Enter: com.ip.requestmanager.web.rest.RequestResource.deleteRequest() with argument[s] = [952]
2018-05-15 09:01:56.365 DEBUG 7652 --- [XNIO-2 task-3] c.i.r.web.rest.RequestResource           : REST request to delete Request : 952
2018-05-15 09:01:56.369 DEBUG 7652 --- [XNIO-2 task-3] c.i.r.aop.logging.LoggingAspect          : Enter: com.ip.requestmanager.service.impl.RequestServiceImpl.delete() with argument[s] = [952]
2018-05-15 09:01:56.369 DEBUG 7652 --- [XNIO-2 task-3] c.i.r.service.impl.RequestServiceImpl    : Request to delete Request : 952
2018-05-15 09:01:56.429 DEBUG 7652 --- [XNIO-2 task-3] c.i.r.aop.logging.LoggingAspect          : Exit: com.ip.requestmanager.service.impl.RequestServiceImpl.delete() with result = null
2018-05-15 09:01:56.521 DEBUG 7652 --- [XNIO-2 task-3] c.i.r.aop.logging.LoggingAspect          : Exit: com.ip.requestmanager.web.rest.RequestResource.deleteRequest() with result = <200 OK,{X-requestmanagerApp-alert=[A request is deleted with identifier 952], X-requestmanagerApp-params=[952]}>
2018-05-15 09:01:56.886 DEBUG 7652 --- [XNIO-2 task-4] c.i.r.aop.logging.LoggingAspect          : Enter: com.ip.requestmanager.web.rest.RequestResource.getAllRequests() with argument[s] = [Page request [number: 0, size 20, sort: id: ASC]]
2018-05-15 09:01:56.894 DEBUG 7652 --- [XNIO-2 task-4] c.i.r.web.rest.RequestResource           : REST request to get a page of Requests
2018-05-15 09:01:56.898 DEBUG 7652 --- [XNIO-2 task-4] c.i.r.aop.logging.LoggingAspect          : Enter: com.ip.requestmanager.service.impl.RequestServiceImpl.findAll() with argument[s] = [Page request [number: 0, size 20, sort: id: ASC]]
2018-05-15 09:01:56.898 DEBUG 7652 --- [XNIO-2 task-4] c.i.r.service.impl.RequestServiceImpl    : Request to get all Requests
2018-05-15 09:01:56.906 DEBUG 7652 --- [XNIO-2 task-4] c.i.r.aop.logging.LoggingAspect          : Exit: com.ip.requestmanager.service.impl.RequestServiceImpl.findAll() with result = Page 1 of 0 containing UNKNOWN instances
2018-05-15 09:01:56.910 DEBUG 7652 --- [XNIO-2 task-4] c.i.r.aop.logging.LoggingAspect          : Exit: com.ip.requestmanager.web.rest.RequestResource.getAllRequests() with result = <200 OK,[],{X-Total-Count=[0], Link=[</api/requests?page=0&size=20>; rel="last",</api/requests?page=0&size=20>; rel="first"]}>
2018-05-15 09:02:22.429 DEBUG 7652 --- [XNIO-2 task-5] c.i.r.aop.logging.LoggingAspect          : Enter: com.ip.requestmanager.web.rest.RequestResource.createRequest() with argument[s] = [RequestDTO{id=null, command='delete', body='delete bicicleta where seria like 'asdasdasd''}]
2018-05-15 09:02:22.433 DEBUG 7652 --- [XNIO-2 task-5] c.i.r.web.rest.RequestResource           : REST request to save Request : RequestDTO{id=null, command='delete', body='delete bicicleta where seria like 'asdasdasd''}
2018-05-15 09:02:22.437 DEBUG 7652 --- [XNIO-2 task-5] c.i.r.aop.logging.LoggingAspect          : Enter: com.ip.requestmanager.service.impl.RequestServiceImpl.save() with argument[s] = [RequestDTO{id=null, command='delete', body='delete bicicleta where seria like 'asdasdasd''}]
2018-05-15 09:02:22.437 DEBUG 7652 --- [XNIO-2 task-5] c.i.r.service.impl.RequestServiceImpl    : Request to save Request : RequestDTO{id=null, command='delete', body='delete bicicleta where seria like 'asdasdasd''}
2018-05-15 09:02:22.505 DEBUG 7652 --- [XNIO-2 task-5] c.i.r.aop.logging.LoggingAspect          : Exit: com.ip.requestmanager.service.impl.RequestServiceImpl.save() with result = RequestDTO{id=2551, command='delete', body='delete bicicleta where seria like 'asdasdasd''}
2018-05-15 09:02:22.521 DEBUG 7652 --- [XNIO-2 task-5] c.i.r.aop.logging.LoggingAspect          : Exit: com.ip.requestmanager.web.rest.RequestResource.createRequest() with result = <201 Created,RequestDTO{id=2551, command='delete', body='delete bicicleta where seria like 'asdasdasd''},{Location=[/api/requests/2551], X-requestmanagerApp-alert=[A new request is created with identifier 2551], X-requestmanagerApp-params=[2551]}>
2018-05-15 09:02:22.633 DEBUG 7652 --- [XNIO-2 task-6] c.i.r.aop.logging.LoggingAspect          : Enter: com.ip.requestmanager.web.rest.RequestResource.getAllRequests() with argument[s] = [Page request [number: 0, size 20, sort: id: ASC]]
2018-05-15 09:02:22.633 DEBUG 7652 --- [XNIO-2 task-6] c.i.r.web.rest.RequestResource           : REST request to get a page of Requests
2018-05-15 09:02:22.641 DEBUG 7652 --- [XNIO-2 task-6] c.i.r.aop.logging.LoggingAspect          : Enter: com.ip.requestmanager.service.impl.RequestServiceImpl.findAll() with argument[s] = [Page request [number: 0, size 20, sort: id: ASC]]
2018-05-15 09:02:22.645 DEBUG 7652 --- [XNIO-2 task-6] c.i.r.service.impl.RequestServiceImpl    : Request to get all Requests
2018-05-15 09:02:22.649 DEBUG 7652 --- [XNIO-2 task-6] c.i.r.aop.logging.LoggingAspect          : Exit: com.ip.requestmanager.service.impl.RequestServiceImpl.findAll() with result = Page 1 of 1 containing com.ip.requestmanager.service.dto.RequestDTO instances
2018-05-15 09:02:22.649 DEBUG 7652 --- [XNIO-2 task-6] c.i.r.aop.logging.LoggingAspect          : Exit: com.ip.requestmanager.web.rest.RequestResource.getAllRequests() with result = <200 OK,[RequestDTO{id=2551, command='delete', body='delete bicicleta where seria like 'asdasdasd''}],{X-Total-Count=[1], Link=[</api/requests?page=0&size=20>; rel="last",</api/requests?page=0&size=20>; rel="first"]}>
2018-05-15 09:05:55.422  INFO 7652 --- [AsyncResolver-bootstrap-executor-0] c.n.d.s.r.aws.ConfigClusterResolver      : Resolving eureka endpoints via configuration
2018-05-15 09:10:55.429  INFO 7652 --- [AsyncResolver-bootstrap-executor-0] c.n.d.s.r.aws.ConfigClusterResolver      : Resolving eureka endpoints via configuration
2018-05-15 09:13:27.705 DEBUG 7652 --- [XNIO-2 task-7] c.i.r.aop.logging.LoggingAspect          : Enter: com.ip.requestmanager.web.rest.RequestResource.getAllRequests() with argument[s] = [Page request [number: 0, size 20, sort: id: ASC]]
2018-05-15 09:13:27.709 DEBUG 7652 --- [XNIO-2 task-7] c.i.r.web.rest.RequestResource           : REST request to get a page of Requests
2018-05-15 09:13:27.717 DEBUG 7652 --- [XNIO-2 task-7] c.i.r.aop.logging.LoggingAspect          : Enter: com.ip.requestmanager.service.impl.RequestServiceImpl.findAll() with argument[s] = [Page request [number: 0, size 20, sort: id: ASC]]
2018-05-15 09:13:27.717 DEBUG 7652 --- [XNIO-2 task-7] c.i.r.service.impl.RequestServiceImpl    : Request to get all Requests
2018-05-15 09:13:27.741 DEBUG 7652 --- [XNIO-2 task-7] c.i.r.aop.logging.LoggingAspect          : Exit: com.ip.requestmanager.service.impl.RequestServiceImpl.findAll() with result = Page 1 of 1 containing com.ip.requestmanager.service.dto.RequestDTO instances
2018-05-15 09:13:27.741 DEBUG 7652 --- [XNIO-2 task-7] c.i.r.aop.logging.LoggingAspect          : Exit: com.ip.requestmanager.web.rest.RequestResource.getAllRequests() with result = <200 OK,[RequestDTO{id=2551, command='delete', body='delete bicicleta where seria like 'asdasdasd''}],{X-Total-Count=[1], Link=[</api/requests?page=0&size=20>; rel="last",</api/requests?page=0&size=20>; rel="first"]}>
2018-05-15 09:15:55.441  INFO 7652 --- [AsyncResolver-bootstrap-executor-0] c.n.d.s.r.aws.ConfigClusterResolver      : Resolving eureka endpoints via configuration
2018-05-15 09:20:55.450  INFO 7652 --- [AsyncResolver-bootstrap-executor-0] c.n.d.s.r.aws.ConfigClusterResolver      : Resolving eureka endpoints via configuration
2018-05-18 14:15:46.911  INFO 12140 --- [restartedMain] com.ip.requestmanager.RequestmanagerApp  : The following profiles are active: swagger,dev
2018-05-18 14:15:50.230 DEBUG 12140 --- [restartedMain] c.i.r.config.AsyncConfiguration          : Creating Async Task Executor
2018-05-18 14:15:51.618 DEBUG 12140 --- [restartedMain] c.i.r.config.MetricsConfiguration        : Registering JVM gauges
2018-05-18 14:15:51.797 DEBUG 12140 --- [restartedMain] c.i.r.config.MetricsConfiguration        : Monitoring the datasource
2018-05-18 14:15:51.852 DEBUG 12140 --- [restartedMain] c.i.r.config.MetricsConfiguration        : Initializing Metrics JMX reporting
2018-05-18 14:15:56.102  INFO 12140 --- [restartedMain] c.i.requestmanager.config.WebConfigurer  : Web application configuration, using profiles: swagger
2018-05-18 14:15:56.118 DEBUG 12140 --- [restartedMain] c.i.requestmanager.config.WebConfigurer  : Initializing Metrics registries
2018-05-18 14:15:56.120 DEBUG 12140 --- [restartedMain] c.i.requestmanager.config.WebConfigurer  : Registering Metrics Filter
2018-05-18 14:15:56.135 DEBUG 12140 --- [restartedMain] c.i.requestmanager.config.WebConfigurer  : Registering Metrics Servlet
2018-05-18 14:15:56.139 DEBUG 12140 --- [restartedMain] c.i.requestmanager.config.WebConfigurer  : Initialize H2 console
2018-05-18 14:15:56.146  INFO 12140 --- [restartedMain] c.i.requestmanager.config.WebConfigurer  : Web application fully configured
2018-05-18 14:15:56.670 DEBUG 12140 --- [restartedMain] c.i.r.config.DatabaseConfiguration       : Configuring Liquibase
2018-05-18 14:15:56.809  WARN 12140 --- [requestmanager-Executor-1] i.g.j.c.liquibase.AsyncSpringLiquibase   : Starting Liquibase asynchronously, your database might not be ready at startup!
2018-05-18 14:16:01.175 DEBUG 12140 --- [requestmanager-Executor-1] i.g.j.c.liquibase.AsyncSpringLiquibase   : Liquibase has updated your database in 4361 ms
2018-05-18 14:16:11.636  WARN 12140 --- [restartedMain] c.n.c.sources.URLConfigurationSource     : No URLs will be polled as dynamic configuration sources.
2018-05-18 14:16:11.662  WARN 12140 --- [restartedMain] c.n.c.sources.URLConfigurationSource     : No URLs will be polled as dynamic configuration sources.
2018-05-18 14:16:12.590 DEBUG 12140 --- [restartedMain] i.g.j.c.apidoc.SwaggerConfiguration      : Starting Swagger
2018-05-18 14:16:12.592 DEBUG 12140 --- [restartedMain] i.g.j.c.apidoc.SwaggerConfiguration      : Started Swagger in 1 ms
2018-05-18 14:16:14.800  INFO 12140 --- [restartedMain] com.netflix.discovery.DiscoveryClient    : Initializing Eureka in region us-east-1
2018-05-18 14:16:15.189  INFO 12140 --- [restartedMain] c.n.d.provider.DiscoveryJerseyProvider   : Using JSON encoding codec LegacyJacksonJson
2018-05-18 14:16:15.189  INFO 12140 --- [restartedMain] c.n.d.provider.DiscoveryJerseyProvider   : Using JSON decoding codec LegacyJacksonJson
2018-05-18 14:16:15.430  INFO 12140 --- [restartedMain] c.n.d.provider.DiscoveryJerseyProvider   : Using XML encoding codec XStreamXml
2018-05-18 14:16:15.431  INFO 12140 --- [restartedMain] c.n.d.provider.DiscoveryJerseyProvider   : Using XML decoding codec XStreamXml
2018-05-18 14:16:15.768  INFO 12140 --- [restartedMain] c.n.d.s.r.aws.ConfigClusterResolver      : Resolving eureka endpoints via configuration
2018-05-18 14:16:15.905  INFO 12140 --- [restartedMain] com.netflix.discovery.DiscoveryClient    : Disable delta property : false
2018-05-18 14:16:15.905  INFO 12140 --- [restartedMain] com.netflix.discovery.DiscoveryClient    : Single vip registry refresh property : null
2018-05-18 14:16:15.916  INFO 12140 --- [restartedMain] com.netflix.discovery.DiscoveryClient    : Force full registry fetch : false
2018-05-18 14:16:15.916  INFO 12140 --- [restartedMain] com.netflix.discovery.DiscoveryClient    : Application is null : false
2018-05-18 14:16:15.916  INFO 12140 --- [restartedMain] com.netflix.discovery.DiscoveryClient    : Registered Applications size is zero : true
2018-05-18 14:16:15.916  INFO 12140 --- [restartedMain] com.netflix.discovery.DiscoveryClient    : Application version is -1: true
2018-05-18 14:16:15.917  INFO 12140 --- [restartedMain] com.netflix.discovery.DiscoveryClient    : Getting all instance registry info from the eureka server
2018-05-18 14:16:17.282  INFO 12140 --- [restartedMain] com.netflix.discovery.DiscoveryClient    : The response status is 200
2018-05-18 14:16:17.282  INFO 12140 --- [restartedMain] com.netflix.discovery.DiscoveryClient    : Starting heartbeat executor: renew interval is: 5
2018-05-18 14:16:17.292  INFO 12140 --- [restartedMain] c.n.discovery.InstanceInfoReplicator     : InstanceInfoReplicator onDemand update allowed rate per min is 12
2018-05-18 14:16:17.294  INFO 12140 --- [restartedMain] com.netflix.discovery.DiscoveryClient    : Discovery Client initialized at timestamp 1526642177294 with initial instances count: 0
2018-05-18 14:16:18.256  INFO 12140 --- [restartedMain] com.netflix.discovery.DiscoveryClient    : Saw local status change event StatusChangeEvent [timestamp=1526642178256, current=UP, previous=STARTING]
2018-05-18 14:16:18.275  INFO 12140 --- [DiscoveryClient-InstanceInfoReplicator-0] com.netflix.discovery.DiscoveryClient    : DiscoveryClient_REQUESTMANAGER/requestmanager:bc2c4b36ab4c55229a6c00a14d878e52: registering service...
2018-05-18 14:16:19.051  INFO 12140 --- [DiscoveryClient-InstanceInfoReplicator-0] com.netflix.discovery.DiscoveryClient    : DiscoveryClient_REQUESTMANAGER/requestmanager:bc2c4b36ab4c55229a6c00a14d878e52 - registration status: 204
2018-05-18 14:16:20.059  INFO 12140 --- [restartedMain] com.ip.requestmanager.RequestmanagerApp  : Started RequestmanagerApp in 41.036 seconds (JVM running for 42.136)
2018-05-18 14:16:20.060  INFO 12140 --- [restartedMain] com.ip.requestmanager.RequestmanagerApp  : 
----------------------------------------------------------
	Application 'requestmanager' is running! Access URLs:
	Local: 		http://localhost:8082
	External: 	http://192.168.76.1:8082
	Profile(s): 	[swagger, dev]
----------------------------------------------------------
2018-05-18 14:16:20.067  INFO 12140 --- [restartedMain] com.ip.requestmanager.RequestmanagerApp  : 
----------------------------------------------------------
	Config Server: 	Connected to the JHipster Registry config server!
----------------------------------------------------------
2018-05-18 14:16:27.297  INFO 12140 --- [DiscoveryClient-CacheRefreshExecutor-0] com.netflix.discovery.DiscoveryClient    : Disable delta property : false
2018-05-18 14:16:27.300  INFO 12140 --- [DiscoveryClient-CacheRefreshExecutor-0] com.netflix.discovery.DiscoveryClient    : Single vip registry refresh property : null
2018-05-18 14:16:27.301  INFO 12140 --- [DiscoveryClient-CacheRefreshExecutor-0] com.netflix.discovery.DiscoveryClient    : Force full registry fetch : false
2018-05-18 14:16:27.303  INFO 12140 --- [DiscoveryClient-CacheRefreshExecutor-0] com.netflix.discovery.DiscoveryClient    : Application is null : false
2018-05-18 14:16:27.336  INFO 12140 --- [DiscoveryClient-CacheRefreshExecutor-0] com.netflix.discovery.DiscoveryClient    : Registered Applications size is zero : true
2018-05-18 14:16:27.338  INFO 12140 --- [DiscoveryClient-CacheRefreshExecutor-0] com.netflix.discovery.DiscoveryClient    : Application version is -1: false
2018-05-18 14:16:27.339  INFO 12140 --- [DiscoveryClient-CacheRefreshExecutor-0] com.netflix.discovery.DiscoveryClient    : Getting all instance registry info from the eureka server
2018-05-18 14:16:27.359  INFO 12140 --- [DiscoveryClient-CacheRefreshExecutor-0] com.netflix.discovery.DiscoveryClient    : The response status is 200
2018-05-18 14:16:37.374  INFO 12140 --- [DiscoveryClient-CacheRefreshExecutor-0] com.netflix.discovery.DiscoveryClient    : Disable delta property : false
2018-05-18 14:16:37.375  INFO 12140 --- [DiscoveryClient-CacheRefreshExecutor-0] com.netflix.discovery.DiscoveryClient    : Single vip registry refresh property : null
2018-05-18 14:16:37.375  INFO 12140 --- [DiscoveryClient-CacheRefreshExecutor-0] com.netflix.discovery.DiscoveryClient    : Force full registry fetch : false
2018-05-18 14:16:37.377  INFO 12140 --- [DiscoveryClient-CacheRefreshExecutor-0] com.netflix.discovery.DiscoveryClient    : Application is null : false
2018-05-18 14:16:37.378  INFO 12140 --- [DiscoveryClient-CacheRefreshExecutor-0] com.netflix.discovery.DiscoveryClient    : Registered Applications size is zero : true
2018-05-18 14:16:37.378  INFO 12140 --- [DiscoveryClient-CacheRefreshExecutor-0] com.netflix.discovery.DiscoveryClient    : Application version is -1: false
2018-05-18 14:16:37.379  INFO 12140 --- [DiscoveryClient-CacheRefreshExecutor-0] com.netflix.discovery.DiscoveryClient    : Getting all instance registry info from the eureka server
2018-05-18 14:16:37.422  INFO 12140 --- [DiscoveryClient-CacheRefreshExecutor-0] com.netflix.discovery.DiscoveryClient    : The response status is 200
2018-05-18 14:21:15.935  INFO 12140 --- [AsyncResolver-bootstrap-executor-0] c.n.d.s.r.aws.ConfigClusterResolver      : Resolving eureka endpoints via configuration
2018-05-18 14:26:15.947  INFO 12140 --- [AsyncResolver-bootstrap-executor-0] c.n.d.s.r.aws.ConfigClusterResolver      : Resolving eureka endpoints via configuration
2018-05-18 14:28:12.975 DEBUG 12140 --- [XNIO-2 task-1] c.i.r.aop.logging.LoggingAspect          : Enter: com.ip.requestmanager.web.rest.RequestResource.getAllRequests() with argument[s] = [Page request [number: 0, size 20, sort: id: ASC]]
2018-05-18 14:28:12.983 DEBUG 12140 --- [XNIO-2 task-1] c.i.r.web.rest.RequestResource           : REST request to get a page of Requests
2018-05-18 14:28:13.001 DEBUG 12140 --- [XNIO-2 task-1] c.i.r.aop.logging.LoggingAspect          : Enter: com.ip.requestmanager.service.impl.RequestServiceImpl.findAll() with argument[s] = [Page request [number: 0, size 20, sort: id: ASC]]
2018-05-18 14:28:13.010 DEBUG 12140 --- [XNIO-2 task-1] c.i.r.service.impl.RequestServiceImpl    : Request to get all Requests
2018-05-18 14:28:13.242 DEBUG 12140 --- [XNIO-2 task-1] c.i.r.aop.logging.LoggingAspect          : Exit: com.ip.requestmanager.service.impl.RequestServiceImpl.findAll() with result = Page 1 of 1 containing com.ip.requestmanager.service.dto.RequestDTO instances
2018-05-18 14:28:13.257 DEBUG 12140 --- [XNIO-2 task-1] c.i.r.aop.logging.LoggingAspect          : Exit: com.ip.requestmanager.web.rest.RequestResource.getAllRequests() with result = <200 OK,[RequestDTO{id=2551, command='delete', body='delete bicicleta where seria like 'asdasdasd''}],{X-Total-Count=[1], Link=[</api/requests?page=0&size=20>; rel="last",</api/requests?page=0&size=20>; rel="first"]}>
2018-05-18 14:28:52.061 DEBUG 12140 --- [XNIO-2 task-2] c.i.r.aop.logging.LoggingAspect          : Enter: com.ip.requestmanager.web.rest.RequestResource.createRequest() with argument[s] = [RequestDTO{id=null, command='delete', body='asdghjkl;';lkjhgfds'}]
2018-05-18 14:28:52.062 DEBUG 12140 --- [XNIO-2 task-2] c.i.r.web.rest.RequestResource           : REST request to save Request : RequestDTO{id=null, command='delete', body='asdghjkl;';lkjhgfds'}
2018-05-18 14:28:52.063 DEBUG 12140 --- [XNIO-2 task-2] c.i.r.aop.logging.LoggingAspect          : Enter: com.ip.requestmanager.service.impl.RequestServiceImpl.save() with argument[s] = [RequestDTO{id=null, command='delete', body='asdghjkl;';lkjhgfds'}]
2018-05-18 14:28:52.065 DEBUG 12140 --- [XNIO-2 task-2] c.i.r.service.impl.RequestServiceImpl    : Request to save Request : RequestDTO{id=null, command='delete', body='asdghjkl;';lkjhgfds'}
2018-05-18 14:28:52.093 DEBUG 12140 --- [XNIO-2 task-2] c.i.r.aop.logging.LoggingAspect          : Exit: com.ip.requestmanager.service.impl.RequestServiceImpl.save() with result = RequestDTO{id=4151, command='delete', body='asdghjkl;';lkjhgfds'}
2018-05-18 14:28:52.117 DEBUG 12140 --- [XNIO-2 task-2] c.i.r.aop.logging.LoggingAspect          : Exit: com.ip.requestmanager.web.rest.RequestResource.createRequest() with result = <201 Created,RequestDTO{id=4151, command='delete', body='asdghjkl;';lkjhgfds'},{Location=[/api/requests/4151], X-requestmanagerApp-alert=[A new request is created with identifier 4151], X-requestmanagerApp-params=[4151]}>
2018-05-18 14:28:52.153 DEBUG 12140 --- [XNIO-2 task-3] c.i.r.aop.logging.LoggingAspect          : Enter: com.ip.requestmanager.web.rest.RequestResource.getAllRequests() with argument[s] = [Page request [number: 0, size 20, sort: id: ASC]]
2018-05-18 14:28:52.163 DEBUG 12140 --- [XNIO-2 task-3] c.i.r.web.rest.RequestResource           : REST request to get a page of Requests
2018-05-18 14:28:52.166 DEBUG 12140 --- [XNIO-2 task-3] c.i.r.aop.logging.LoggingAspect          : Enter: com.ip.requestmanager.service.impl.RequestServiceImpl.findAll() with argument[s] = [Page request [number: 0, size 20, sort: id: ASC]]
2018-05-18 14:28:52.168 DEBUG 12140 --- [XNIO-2 task-3] c.i.r.service.impl.RequestServiceImpl    : Request to get all Requests
2018-05-18 14:28:52.172 DEBUG 12140 --- [XNIO-2 task-3] c.i.r.aop.logging.LoggingAspect          : Exit: com.ip.requestmanager.service.impl.RequestServiceImpl.findAll() with result = Page 1 of 1 containing com.ip.requestmanager.service.dto.RequestDTO instances
2018-05-18 14:28:52.173 DEBUG 12140 --- [XNIO-2 task-3] c.i.r.aop.logging.LoggingAspect          : Exit: com.ip.requestmanager.web.rest.RequestResource.getAllRequests() with result = <200 OK,[RequestDTO{id=2551, command='delete', body='delete bicicleta where seria like 'asdasdasd''}, RequestDTO{id=4151, command='delete', body='asdghjkl;';lkjhgfds'}],{X-Total-Count=[2], Link=[</api/requests?page=0&size=20>; rel="last",</api/requests?page=0&size=20>; rel="first"]}>
2018-05-18 14:30:45.334 DEBUG 12140 --- [XNIO-2 task-4] c.i.r.aop.logging.LoggingAspect          : Enter: com.ip.requestmanager.web.rest.RequestResource.getAllRequests() with argument[s] = [Page request [number: 0, size 20, sort: id: ASC]]
2018-05-18 14:30:45.336 DEBUG 12140 --- [XNIO-2 task-4] c.i.r.web.rest.RequestResource           : REST request to get a page of Requests
2018-05-18 14:30:45.337 DEBUG 12140 --- [XNIO-2 task-4] c.i.r.aop.logging.LoggingAspect          : Enter: com.ip.requestmanager.service.impl.RequestServiceImpl.findAll() with argument[s] = [Page request [number: 0, size 20, sort: id: ASC]]
2018-05-18 14:30:45.338 DEBUG 12140 --- [XNIO-2 task-4] c.i.r.service.impl.RequestServiceImpl    : Request to get all Requests
2018-05-18 14:30:45.340 DEBUG 12140 --- [XNIO-2 task-4] c.i.r.aop.logging.LoggingAspect          : Exit: com.ip.requestmanager.service.impl.RequestServiceImpl.findAll() with result = Page 1 of 1 containing com.ip.requestmanager.service.dto.RequestDTO instances
2018-05-18 14:30:45.341 DEBUG 12140 --- [XNIO-2 task-4] c.i.r.aop.logging.LoggingAspect          : Exit: com.ip.requestmanager.web.rest.RequestResource.getAllRequests() with result = <200 OK,[RequestDTO{id=2551, command='delete', body='delete bicicleta where seria like 'asdasdasd''}, RequestDTO{id=4151, command='delete', body='asdghjkl;';lkjhgfds'}],{X-Total-Count=[2], Link=[</api/requests?page=0&size=20>; rel="last",</api/requests?page=0&size=20>; rel="first"]}>
2018-05-18 14:31:15.964  INFO 12140 --- [AsyncResolver-bootstrap-executor-0] c.n.d.s.r.aws.ConfigClusterResolver      : Resolving eureka endpoints via configuration
2018-05-18 14:36:15.974  INFO 12140 --- [AsyncResolver-bootstrap-executor-0] c.n.d.s.r.aws.ConfigClusterResolver      : Resolving eureka endpoints via configuration
